<?xml version="1.0" encoding="UTF-8"?>
<coverage generated="1775829305036" clover="3.2.0">
  <project timestamp="1775829305036" name="All files">
    <metrics statements="355" coveredstatements="307" conditionals="189" coveredconditionals="153" methods="176" coveredmethods="142" elements="720" coveredelements="602" complexity="0" loc="355" ncloc="355" packages="9" files="34" classes="34"/>
    <package name="api">
      <metrics statements="33" coveredstatements="30" conditionals="10" coveredconditionals="6" methods="21" coveredmethods="21"/>
      <file name="client.ts" path="/home/matvei/projets/vortex/src/api/client.ts">
        <metrics statements="6" coveredstatements="5" conditionals="4" coveredconditionals="1" methods="2" coveredmethods="2"/>
        <line num="5" count="1" type="cond" truecount="1" falsecount="1"/>
        <line num="6" count="0" type="cond" truecount="0" falsecount="2"/>
        <line num="10" count="9" type="stmt"/>
        <line num="11" count="9" type="stmt"/>
        <line num="13" count="1" type="stmt"/>
        <line num="17" count="4" type="stmt"/>
      </file>
      <file name="hooks.ts" path="/home/matvei/projets/vortex/src/api/hooks.ts">
        <metrics statements="9" coveredstatements="7" conditionals="4" coveredconditionals="3" methods="5" coveredmethods="5"/>
        <line num="10" count="14" type="stmt"/>
        <line num="12" count="10" type="stmt"/>
        <line num="27" count="135" type="stmt"/>
        <line num="29" count="135" type="stmt"/>
        <line num="30" count="2" type="stmt"/>
        <line num="33" count="1" type="cond" truecount="1" falsecount="1"/>
        <line num="34" count="0" type="stmt"/>
        <line num="35" count="0" type="stmt"/>
        <line num="38" count="1" type="stmt"/>
      </file>
      <file name="queries.ts" path="/home/matvei/projets/vortex/src/api/queries.ts">
        <metrics statements="18" coveredstatements="18" conditionals="2" coveredconditionals="2" methods="14" coveredmethods="14"/>
        <line num="3" count="4" type="stmt"/>
        <line num="4" count="124" type="stmt"/>
        <line num="5" count="118" type="stmt"/>
        <line num="7" count="2" type="cond" truecount="2" falsecount="0"/>
        <line num="8" count="2" type="stmt"/>
        <line num="9" count="1" type="stmt"/>
        <line num="10" count="3" type="stmt"/>
        <line num="13" count="4" type="stmt"/>
        <line num="14" count="3" type="stmt"/>
        <line num="15" count="2" type="stmt"/>
        <line num="16" count="1" type="stmt"/>
        <line num="19" count="4" type="stmt"/>
        <line num="20" count="2" type="stmt"/>
        <line num="21" count="1" type="stmt"/>
        <line num="22" count="1" type="stmt"/>
        <line num="25" count="4" type="stmt"/>
        <line num="26" count="2" type="stmt"/>
        <line num="27" count="1" type="stmt"/>
      </file>
    </package>
    <package name="components.ui">
      <metrics statements="30" coveredstatements="18" conditionals="9" coveredconditionals="6" methods="24" coveredmethods="12"/>
      <file name="badge.tsx" path="/home/matvei/projets/vortex/src/components/ui/badge.tsx">
        <metrics statements="2" coveredstatements="2" conditionals="0" coveredconditionals="0" methods="1" coveredmethods="1"/>
        <line num="5" count="3" type="stmt"/>
        <line num="30" count="62" type="stmt"/>
      </file>
      <file name="button.tsx" path="/home/matvei/projets/vortex/src/components/ui/button.tsx">
        <metrics statements="5" coveredstatements="5" conditionals="3" coveredconditionals="2" methods="1" coveredmethods="1"/>
        <line num="6" count="4" type="stmt"/>
        <line num="42" count="4" type="stmt"/>
        <line num="44" count="108" type="cond" truecount="1" falsecount="1"/>
        <line num="45" count="108" type="stmt"/>
        <line num="54" count="4" type="stmt"/>
      </file>
      <file name="checkbox.tsx" path="/home/matvei/projets/vortex/src/components/ui/checkbox.tsx">
        <metrics statements="2" coveredstatements="2" conditionals="0" coveredconditionals="0" methods="1" coveredmethods="1"/>
        <line num="7" count="2" type="stmt"/>
        <line num="13" count="32" type="stmt"/>
      </file>
      <file name="dropdown-menu.tsx" path="/home/matvei/projets/vortex/src/components/ui/dropdown-menu.tsx">
        <metrics statements="15" coveredstatements="3" conditionals="2" coveredconditionals="1" methods="15" coveredmethods="3"/>
        <line num="10" count="22" type="stmt"/>
        <line num="16" count="0" type="stmt"/>
        <line num="24" count="22" type="stmt"/>
        <line num="37" count="22" type="stmt"/>
        <line num="55" count="0" type="stmt"/>
        <line num="69" count="0" type="stmt"/>
        <line num="89" count="0" type="stmt"/>
        <line num="112" count="0" type="stmt"/>
        <line num="125" count="0" type="stmt"/>
        <line num="151" count="0" type="stmt"/>
        <line num="168" count="0" type="stmt"/>
        <line num="181" count="0" type="stmt"/>
        <line num="196" count="0" type="stmt"/>
        <line num="207" count="0" type="stmt"/>
        <line num="227" count="0" type="stmt"/>
      </file>
      <file name="input.tsx" path="/home/matvei/projets/vortex/src/components/ui/input.tsx">
        <metrics statements="1" coveredstatements="1" conditionals="0" coveredconditionals="0" methods="1" coveredmethods="1"/>
        <line num="6" count="6" type="stmt"/>
      </file>
      <file name="progress.tsx" path="/home/matvei/projets/vortex/src/components/ui/progress.tsx">
        <metrics statements="1" coveredstatements="1" conditionals="2" coveredconditionals="1" methods="1" coveredmethods="1"/>
        <line num="11" count="22" type="stmt"/>
      </file>
      <file name="tooltip.tsx" path="/home/matvei/projets/vortex/src/components/ui/tooltip.tsx">
        <metrics statements="4" coveredstatements="4" conditionals="2" coveredconditionals="2" methods="4" coveredmethods="4"/>
        <line num="10" count="11" type="stmt"/>
        <line num="22" count="22" type="stmt"/>
        <line num="28" count="22" type="stmt"/>
        <line num="37" count="22" type="stmt"/>
      </file>
    </package>
    <package name="hooks">
      <metrics statements="24" coveredstatements="24" conditionals="4" coveredconditionals="4" methods="10" coveredmethods="10"/>
      <file name="useDownloadEvents.ts" path="/home/matvei/projets/vortex/src/hooks/useDownloadEvents.ts">
        <metrics statements="10" coveredstatements="10" conditionals="0" coveredconditionals="0" methods="2" coveredmethods="2"/>
        <line num="7" count="6" type="stmt"/>
        <line num="8" count="5" type="stmt"/>
        <line num="11" count="6" type="stmt"/>
        <line num="12" count="6" type="stmt"/>
        <line num="13" count="6" type="stmt"/>
        <line num="14" count="6" type="stmt"/>
        <line num="15" count="6" type="stmt"/>
        <line num="16" count="6" type="stmt"/>
        <line num="17" count="6" type="stmt"/>
        <line num="18" count="6" type="stmt"/>
      </file>
      <file name="useDownloadProgress.ts" path="/home/matvei/projets/vortex/src/hooks/useDownloadProgress.ts">
        <metrics statements="2" coveredstatements="2" conditionals="0" coveredconditionals="0" methods="2" coveredmethods="2"/>
        <line num="6" count="6" type="stmt"/>
        <line num="7" count="2" type="stmt"/>
      </file>
      <file name="useTauriEvent.ts" path="/home/matvei/projets/vortex/src/hooks/useTauriEvent.ts">
        <metrics statements="12" coveredstatements="12" conditionals="4" coveredconditionals="4" methods="6" coveredmethods="6"/>
        <line num="5" count="12" type="stmt"/>
        <line num="6" count="12" type="stmt"/>
        <line num="8" count="12" type="stmt"/>
        <line num="9" count="11" type="stmt"/>
        <line num="12" count="11" type="stmt"/>
        <line num="13" count="3" type="cond" truecount="2" falsecount="0"/>
        <line num="14" count="2" type="stmt"/>
        <line num="18" count="10" type="cond" truecount="2" falsecount="0"/>
        <line num="19" count="7" type="stmt"/>
        <line num="23" count="11" type="stmt"/>
        <line num="24" count="11" type="stmt"/>
        <line num="25" count="11" type="stmt"/>
      </file>
    </package>
    <package name="layouts">
      <metrics statements="32" coveredstatements="31" conditionals="23" coveredconditionals="17" methods="12" coveredmethods="12"/>
      <file name="AppLayout.tsx" path="/home/matvei/projets/vortex/src/layouts/AppLayout.tsx">
        <metrics statements="20" coveredstatements="19" conditionals="17" coveredconditionals="12" methods="4" coveredmethods="4"/>
        <line num="10" count="6" type="stmt"/>
        <line num="11" count="6" type="stmt"/>
        <line num="12" count="6" type="stmt"/>
        <line num="14" count="6" type="stmt"/>
        <line num="16" count="5" type="cond" truecount="2" falsecount="0"/>
        <line num="17" count="5" type="cond" truecount="2" falsecount="0"/>
        <line num="19" count="4" type="stmt"/>
        <line num="20" count="4" type="cond" truecount="1" falsecount="1"/>
        <line num="24" count="0" type="stmt"/>
        <line num="27" count="4" type="cond" truecount="2" falsecount="0"/>
        <line num="28" count="2" type="stmt"/>
        <line num="29" count="2" type="stmt"/>
        <line num="30" count="2" type="stmt"/>
        <line num="33" count="2" type="stmt"/>
        <line num="34" count="2" type="cond" truecount="4" falsecount="1"/>
        <line num="35" count="2" type="stmt"/>
        <line num="36" count="2" type="stmt"/>
        <line num="40" count="6" type="stmt"/>
        <line num="41" count="6" type="stmt"/>
        <line num="44" count="6" type="stmt"/>
      </file>
      <file name="Sidebar.tsx" path="/home/matvei/projets/vortex/src/layouts/Sidebar.tsx">
        <metrics statements="4" coveredstatements="4" conditionals="4" coveredconditionals="4" methods="3" coveredmethods="3"/>
        <line num="6" count="2" type="stmt"/>
        <line num="9" count="11" type="stmt"/>
        <line num="19" count="110" type="stmt"/>
        <line num="26" count="110" type="stmt"/>
      </file>
      <file name="StatusBar.tsx" path="/home/matvei/projets/vortex/src/layouts/StatusBar.tsx">
        <metrics statements="8" coveredstatements="8" conditionals="2" coveredconditionals="1" methods="5" coveredmethods="5"/>
        <line num="5" count="33" type="stmt"/>
        <line num="9" count="11" type="stmt"/>
        <line num="10" count="11" type="stmt"/>
        <line num="11" count="33" type="stmt"/>
        <line num="12" count="33" type="stmt"/>
        <line num="13" count="33" type="stmt"/>
        <line num="15" count="11" type="cond" truecount="1" falsecount="1"/>
        <line num="17" count="11" type="stmt"/>
      </file>
    </package>
    <package name="lib">
      <metrics statements="26" coveredstatements="26" conditionals="26" coveredconditionals="26" methods="4" coveredmethods="4"/>
      <file name="format.ts" path="/home/matvei/projets/vortex/src/lib/format.ts">
        <metrics statements="25" coveredstatements="25" conditionals="26" coveredconditionals="26" methods="3" coveredmethods="3"/>
        <line num="2" count="8" type="cond" truecount="5" falsecount="0"/>
        <line num="4" count="5" type="stmt"/>
        <line num="5" count="5" type="stmt"/>
        <line num="6" count="5" type="stmt"/>
        <line num="7" count="5" type="stmt"/>
        <line num="9" count="5" type="cond" truecount="2" falsecount="0"/>
        <line num="10" count="4" type="cond" truecount="2" falsecount="0"/>
        <line num="11" count="3" type="cond" truecount="2" falsecount="0"/>
        <line num="12" count="2" type="stmt"/>
        <line num="16" count="31" type="cond" truecount="2" falsecount="0"/>
        <line num="18" count="6" type="stmt"/>
        <line num="19" count="6" type="stmt"/>
        <line num="20" count="6" type="stmt"/>
        <line num="22" count="6" type="cond" truecount="2" falsecount="0"/>
        <line num="23" count="10" type="stmt"/>
        <line num="24" count="10" type="stmt"/>
        <line num="27" count="6" type="cond" truecount="2" falsecount="0"/>
        <line num="31" count="6" type="cond" truecount="5" falsecount="0"/>
        <line num="33" count="4" type="stmt"/>
        <line num="34" count="4" type="stmt"/>
        <line num="35" count="4" type="stmt"/>
        <line num="37" count="4" type="cond" truecount="2" falsecount="0"/>
        <line num="38" count="7" type="stmt"/>
        <line num="39" count="7" type="stmt"/>
        <line num="42" count="4" type="cond" truecount="2" falsecount="0"/>
      </file>
      <file name="utils.ts" path="/home/matvei/projets/vortex/src/lib/utils.ts">
        <metrics statements="1" coveredstatements="1" conditionals="0" coveredconditionals="0" methods="1" coveredmethods="1"/>
        <line num="5" count="384" type="stmt"/>
      </file>
    </package>
    <package name="stores">
      <metrics statements="40" coveredstatements="32" conditionals="16" coveredconditionals="10" methods="28" coveredmethods="22"/>
      <file name="downloadStore.ts" path="/home/matvei/projets/vortex/src/stores/downloadStore.ts">
        <metrics statements="20" coveredstatements="16" conditionals="10" coveredconditionals="7" methods="10" coveredmethods="10"/>
        <line num="22" count="7" type="stmt"/>
        <line num="23" count="35" type="stmt"/>
        <line num="25" count="7" type="stmt"/>
        <line num="26" count="35" type="cond" truecount="2" falsecount="0"/>
        <line num="28" count="7" type="stmt"/>
        <line num="33" count="9" type="stmt"/>
        <line num="34" count="9" type="stmt"/>
        <line num="35" count="9" type="stmt"/>
        <line num="36" count="9" type="cond" truecount="2" falsecount="0"/>
        <line num="38" count="9" type="cond" truecount="3" falsecount="1"/>
        <line num="39" count="0" type="stmt"/>
        <line num="40" count="0" type="stmt"/>
        <line num="41" count="0" type="cond" truecount="0" falsecount="2"/>
        <line num="42" count="0" type="stmt"/>
        <line num="46" count="9" type="stmt"/>
        <line num="62" count="2" type="stmt"/>
        <line num="63" count="2" type="stmt"/>
        <line num="64" count="2" type="stmt"/>
        <line num="67" count="3" type="stmt"/>
        <line num="69" count="1" type="stmt"/>
      </file>
      <file name="layout-store.ts" path="/home/matvei/projets/vortex/src/stores/layout-store.ts">
        <metrics statements="2" coveredstatements="1" conditionals="0" coveredconditionals="0" methods="3" coveredmethods="1"/>
        <line num="11" count="2" type="stmt"/>
        <line num="13" count="0" type="stmt"/>
      </file>
      <file name="settingsStore.ts" path="/home/matvei/projets/vortex/src/stores/settingsStore.ts">
        <metrics statements="10" coveredstatements="9" conditionals="4" coveredconditionals="3" methods="5" coveredmethods="4"/>
        <line num="29" count="1" type="stmt"/>
        <line num="33" count="1" type="stmt"/>
        <line num="34" count="0" type="stmt"/>
        <line num="36" count="7" type="stmt"/>
        <line num="37" count="7" type="stmt"/>
        <line num="40" count="7" type="stmt"/>
        <line num="41" count="7" type="stmt"/>
        <line num="43" count="2" type="cond" truecount="1" falsecount="1"/>
        <line num="44" count="2" type="stmt"/>
        <line num="46" count="7" type="stmt"/>
      </file>
      <file name="uiStore.ts" path="/home/matvei/projets/vortex/src/stores/uiStore.ts">
        <metrics statements="8" coveredstatements="6" conditionals="2" coveredconditionals="0" methods="10" coveredmethods="7"/>
        <line num="16" count="4" type="stmt"/>
        <line num="21" count="4" type="stmt"/>
        <line num="22" count="1" type="stmt"/>
        <line num="24" count="0" type="stmt"/>
        <line num="26" count="0" type="stmt"/>
        <line num="29" count="2" type="stmt"/>
        <line num="30" count="3" type="stmt"/>
        <line num="31" count="2" type="stmt"/>
      </file>
    </package>
    <package name="theme">
      <metrics statements="29" coveredstatements="29" conditionals="20" coveredconditionals="17" methods="10" coveredmethods="9"/>
      <file name="theme-provider.tsx" path="/home/matvei/projets/vortex/src/theme/theme-provider.tsx">
        <metrics statements="25" coveredstatements="25" conditionals="18" coveredconditionals="15" methods="9" coveredmethods="8"/>
        <line num="10" count="1" type="stmt"/>
        <line num="18" count="5" type="stmt"/>
        <line num="19" count="5" type="stmt"/>
        <line num="20" count="5" type="cond" truecount="5" falsecount="0"/>
        <line num="21" count="1" type="stmt"/>
        <line num="26" count="4" type="stmt"/>
        <line num="30" count="5" type="cond" truecount="3" falsecount="1"/>
        <line num="37" count="9" type="stmt"/>
        <line num="39" count="9" type="stmt"/>
        <line num="41" count="9" type="stmt"/>
        <line num="42" count="5" type="cond" truecount="1" falsecount="1"/>
        <line num="43" count="5" type="stmt"/>
        <line num="44" count="5" type="stmt"/>
        <line num="45" count="5" type="stmt"/>
        <line num="46" count="5" type="stmt"/>
        <line num="50" count="9" type="cond" truecount="3" falsecount="1"/>
        <line num="52" count="9" type="stmt"/>
        <line num="53" count="9" type="stmt"/>
        <line num="54" count="9" type="stmt"/>
        <line num="58" count="9" type="stmt"/>
        <line num="59" count="9" type="cond" truecount="2" falsecount="0"/>
        <line num="60" count="4" type="stmt"/>
        <line num="62" count="5" type="stmt"/>
        <line num="66" count="9" type="stmt"/>
        <line num="68" count="9" type="stmt"/>
      </file>
      <file name="useTheme.ts" path="/home/matvei/projets/vortex/src/theme/useTheme.ts">
        <metrics statements="4" coveredstatements="4" conditionals="2" coveredconditionals="2" methods="1" coveredmethods="1"/>
        <line num="5" count="12" type="stmt"/>
        <line num="6" count="12" type="cond" truecount="2" falsecount="0"/>
        <line num="7" count="2" type="stmt"/>
        <line num="9" count="9" type="stmt"/>
      </file>
    </package>
    <package name="types">
      <metrics statements="1" coveredstatements="1" conditionals="0" coveredconditionals="0" methods="0" coveredmethods="0"/>
      <file name="layout.ts" path="/home/matvei/projets/vortex/src/types/layout.ts">
        <metrics statements="1" coveredstatements="1" conditionals="0" coveredconditionals="0" methods="0" coveredmethods="0"/>
        <line num="24" count="3" type="stmt"/>
      </file>
    </package>
    <package name="views.DownloadsView">
      <metrics statements="140" coveredstatements="116" conditionals="81" coveredconditionals="67" methods="67" coveredmethods="52"/>
      <file name="ActionsBar.tsx" path="/home/matvei/projets/vortex/src/views/DownloadsView/ActionsBar.tsx">
        <metrics statements="14" coveredstatements="9" conditionals="4" coveredconditionals="4" methods="6" coveredmethods="3"/>
        <line num="7" count="2" type="stmt"/>
        <line num="10" count="22" type="stmt"/>
        <line num="11" count="22" type="stmt"/>
        <line num="13" count="7" type="stmt"/>
        <line num="17" count="7" type="stmt"/>
        <line num="21" count="7" type="stmt"/>
        <line num="25" count="7" type="stmt"/>
        <line num="26" count="0" type="stmt"/>
        <line num="27" count="0" type="stmt"/>
        <line num="29" count="0" type="stmt"/>
        <line num="32" count="7" type="stmt"/>
        <line num="34" count="7" type="stmt"/>
        <line num="51" count="0" type="stmt"/>
        <line num="55" count="0" type="stmt"/>
      </file>
      <file name="DownloadsTable.tsx" path="/home/matvei/projets/vortex/src/views/DownloadsView/DownloadsTable.tsx">
        <metrics statements="94" coveredstatements="75" conditionals="47" coveredconditionals="38" methods="45" coveredmethods="33"/>
        <line num="54" count="2" type="stmt"/>
        <line num="63" count="22" type="stmt"/>
        <line num="64" count="22" type="cond" truecount="3" falsecount="1"/>
        <line num="65" count="22" type="stmt"/>
        <line num="69" count="26" type="stmt"/>
        <line num="70" count="26" type="stmt"/>
        <line num="72" count="0" type="stmt"/>
        <line num="81" count="22" type="stmt"/>
        <line num="85" count="22" type="stmt"/>
        <line num="89" count="22" type="stmt"/>
        <line num="93" count="22" type="stmt"/>
        <line num="97" count="22" type="stmt"/>
        <line num="102" count="22" type="stmt"/>
        <line num="110" count="0" type="stmt"/>
        <line num="111" count="0" type="stmt"/>
        <line num="123" count="0" type="stmt"/>
        <line num="124" count="0" type="stmt"/>
        <line num="136" count="0" type="stmt"/>
        <line num="137" count="0" type="stmt"/>
        <line num="149" count="0" type="stmt"/>
        <line num="163" count="66" type="stmt"/>
        <line num="166" count="0" type="stmt"/>
        <line num="167" count="0" type="stmt"/>
        <line num="182" count="0" type="stmt"/>
        <line num="183" count="0" type="stmt"/>
        <line num="195" count="2" type="stmt"/>
        <line num="199" count="10" type="stmt"/>
        <line num="201" count="0" type="stmt"/>
        <line num="206" count="22" type="stmt"/>
        <line num="208" count="0" type="stmt"/>
        <line num="209" count="0" type="stmt"/>
        <line num="218" count="22" type="stmt"/>
        <line num="224" count="22" type="stmt"/>
        <line num="240" count="22" type="stmt"/>
        <line num="241" count="22" type="cond" truecount="1" falsecount="1"/>
        <line num="248" count="22" type="stmt"/>
        <line num="256" count="22" type="stmt"/>
        <line num="261" count="22" type="stmt"/>
        <line num="267" count="22" type="stmt"/>
        <line num="273" count="22" type="stmt"/>
        <line num="284" count="15" type="stmt"/>
        <line num="285" count="15" type="stmt"/>
        <line num="287" count="48" type="stmt"/>
        <line num="288" count="48" type="stmt"/>
        <line num="289" count="48" type="stmt"/>
        <line num="290" count="15" type="stmt"/>
        <line num="291" count="48" type="stmt"/>
        <line num="293" count="48" type="stmt"/>
        <line num="295" count="15" type="stmt"/>
        <line num="296" count="14" type="stmt"/>
        <line num="298" count="14" type="stmt"/>
        <line num="299" count="14" type="cond" truecount="2" falsecount="0"/>
        <line num="300" count="2" type="stmt"/>
        <line num="301" count="6" type="stmt"/>
        <line num="305" count="14" type="cond" truecount="2" falsecount="0"/>
        <line num="306" count="2" type="stmt"/>
        <line num="307" count="2" type="stmt"/>
        <line num="309" count="6" type="cond" truecount="3" falsecount="0"/>
        <line num="315" count="14" type="stmt"/>
        <line num="318" count="15" type="stmt"/>
        <line num="319" count="15" type="stmt"/>
        <line num="320" count="15" type="stmt"/>
        <line num="321" count="25" type="cond" truecount="2" falsecount="0"/>
        <line num="322" count="1" type="stmt"/>
        <line num="325" count="15" type="stmt"/>
        <line num="328" count="15" type="stmt"/>
        <line num="332" count="22" type="stmt"/>
        <line num="336" count="0" type="cond" truecount="0" falsecount="2"/>
        <line num="337" count="0" type="stmt"/>
        <line num="344" count="15" type="stmt"/>
        <line num="346" count="15" type="stmt"/>
        <line num="348" count="3" type="stmt"/>
        <line num="349" count="0" type="stmt"/>
        <line num="353" count="15" type="stmt"/>
        <line num="355" count="1" type="cond" truecount="3" falsecount="1"/>
        <line num="356" count="0" type="stmt"/>
        <line num="358" count="1" type="stmt"/>
        <line num="359" count="1" type="stmt"/>
        <line num="360" count="1" type="stmt"/>
        <line num="366" count="15" type="cond" truecount="2" falsecount="0"/>
        <line num="367" count="4" type="stmt"/>
        <line num="374" count="11" type="cond" truecount="2" falsecount="0"/>
        <line num="375" count="1" type="stmt"/>
        <line num="382" count="10" type="stmt"/>
        <line num="383" count="10" type="stmt"/>
        <line num="385" count="10" type="stmt"/>
        <line num="390" count="10" type="stmt"/>
        <line num="392" count="90" type="stmt"/>
        <line num="430" count="22" type="stmt"/>
        <line num="431" count="22" type="stmt"/>
        <line num="433" count="22" type="stmt"/>
        <line num="437" count="44" type="stmt"/>
        <line num="441" count="1" type="stmt"/>
        <line num="444" count="198" type="stmt"/>
      </file>
      <file name="DownloadsView.tsx" path="/home/matvei/projets/vortex/src/views/DownloadsView/DownloadsView.tsx">
        <metrics statements="6" coveredstatements="6" conditionals="2" coveredconditionals="2" methods="1" coveredmethods="1"/>
        <line num="13" count="3" type="stmt"/>
        <line num="14" count="3" type="stmt"/>
        <line num="16" count="3" type="stmt"/>
        <line num="18" count="3" type="stmt"/>
        <line num="24" count="3" type="stmt"/>
        <line num="30" count="3" type="stmt"/>
      </file>
      <file name="EtaCell.tsx" path="/home/matvei/projets/vortex/src/views/DownloadsView/EtaCell.tsx">
        <metrics statements="5" coveredstatements="5" conditionals="6" coveredconditionals="6" methods="2" coveredmethods="2"/>
        <line num="9" count="75" type="stmt"/>
        <line num="11" count="25" type="stmt"/>
        <line num="12" count="25" type="cond" truecount="4" falsecount="0"/>
        <line num="13" count="1" type="stmt"/>
        <line num="16" count="25" type="stmt"/>
      </file>
      <file name="FilterBar.tsx" path="/home/matvei/projets/vortex/src/views/DownloadsView/FilterBar.tsx">
        <metrics statements="9" coveredstatements="9" conditionals="12" coveredconditionals="10" methods="6" coveredmethods="6"/>
        <line num="5" count="2" type="stmt"/>
        <line num="20" count="40" type="cond" truecount="2" falsecount="0"/>
        <line num="21" count="20" type="cond" truecount="2" falsecount="0"/>
        <line num="22" count="24" type="cond" truecount="2" falsecount="0"/>
        <line num="24" count="16" type="cond" truecount="1" falsecount="1"/>
        <line num="25" count="24" type="cond" truecount="1" falsecount="1"/>
        <line num="29" count="8" type="stmt"/>
        <line num="32" count="40" type="stmt"/>
        <line num="36" count="1" type="stmt"/>
      </file>
      <file name="ProgressCell.tsx" path="/home/matvei/projets/vortex/src/views/DownloadsView/ProgressCell.tsx">
        <metrics statements="3" coveredstatements="3" conditionals="4" coveredconditionals="1" methods="2" coveredmethods="2"/>
        <line num="10" count="66" type="stmt"/>
        <line num="12" count="22" type="cond" truecount="1" falsecount="1"/>
        <line num="18" count="22" type="stmt"/>
      </file>
      <file name="SearchBar.tsx" path="/home/matvei/projets/vortex/src/views/DownloadsView/SearchBar.tsx">
        <metrics statements="2" coveredstatements="2" conditionals="0" coveredconditionals="0" methods="2" coveredmethods="2"/>
        <line num="10" count="6" type="stmt"/>
        <line num="15" count="1" type="stmt"/>
      </file>
      <file name="SpeedCell.tsx" path="/home/matvei/projets/vortex/src/views/DownloadsView/SpeedCell.tsx">
        <metrics statements="5" coveredstatements="5" conditionals="6" coveredconditionals="6" methods="2" coveredmethods="2"/>
        <line num="9" count="75" type="stmt"/>
        <line num="10" count="25" type="cond" truecount="2" falsecount="0"/>
        <line num="11" count="25" type="stmt"/>
        <line num="14" count="25" type="cond" truecount="2" falsecount="0"/>
        <line num="20" count="25" type="stmt"/>
      </file>
      <file name="StateIndicator.tsx" path="/home/matvei/projets/vortex/src/views/DownloadsView/StateIndicator.tsx">
        <metrics statements="2" coveredstatements="2" conditionals="0" coveredconditionals="0" methods="1" coveredmethods="1"/>
        <line num="3" count="3" type="stmt"/>
        <line num="20" count="34" type="stmt"/>
      </file>
    </package>
  </project>
</coverage>
