{"/home/matvei/projets/vortex/src/api/client.ts": {"path":"/home/matvei/projets/vortex/src/api/client.ts","statementMap":{"0":{"start":{"line":5,"column":2},"end":{"line":5,"column":null}},"1":{"start":{"line":5,"column":28},"end":{"line":5,"column":null}},"2":{"start":{"line":6,"column":2},"end":{"line":6,"column":null}},"3":{"start":{"line":10,"column":2},"end":{"line":14,"column":null}},"4":{"start":{"line":11,"column":4},"end":{"line":11,"column":null}},"5":{"start":{"line":13,"column":4},"end":{"line":13,"column":null}},"6":{"start":{"line":17,"column":27},"end":{"line":26,"column":null}}},"fnMap":{"0":{"name":"toError","decl":{"start":{"line":4,"column":9},"end":{"line":4,"column":17}},"loc":{"start":{"line":4,"column":38},"end":{"line":7,"column":null}},"line":4},"1":{"name":"tauriInvoke","decl":{"start":{"line":9,"column":22},"end":{"line":9,"column":37}},"loc":{"start":{"line":9,"column":98},"end":{"line":15,"column":null}},"line":9}},"branchMap":{"0":{"loc":{"start":{"line":5,"column":2},"end":{"line":5,"column":null}},"type":"if","locations":[{"start":{"line":5,"column":2},"end":{"line":5,"column":null}},{"start":{},"end":{}}],"line":5},"1":{"loc":{"start":{"line":6,"column":19},"end":{"line":6,"column":70}},"type":"cond-expr","locations":[{"start":{"line":6,"column":45},"end":{"line":6,"column":51}},{"start":{"line":6,"column":51},"end":{"line":6,"column":70}}],"line":6}},"s":{"0":1,"1":1,"2":0,"3":9,"4":9,"5":1,"6":4},"f":{"0":1,"1":9},"b":{"0":[1,0],"1":[0,0]},"meta":{"lastBranch":2,"lastFunction":2,"lastStatement":7,"seen":{"f:4:9:4:17":0,"b:5:2:5:Infinity:undefined:undefined:undefined:undefined":0,"s:5:2:5:Infinity":0,"s:5:28:5:Infinity":1,"s:6:2:6:Infinity":2,"b:6:45:6:51:6:51:6:70":1,"f:9:22:9:37":1,"s:10:2:14:Infinity":3,"s:11:4:11:Infinity":4,"s:13:4:13:Infinity":5,"s:17:27:26:Infinity":6}}}
,"/home/matvei/projets/vortex/src/api/hooks.ts": {"path":"/home/matvei/projets/vortex/src/api/hooks.ts","statementMap":{"0":{"start":{"line":10,"column":2},"end":{"line":14,"column":null}},"1":{"start":{"line":12,"column":13},"end":{"line":12,"column":null}},"2":{"start":{"line":27,"column":8},"end":{"line":27,"column":null}},"3":{"start":{"line":29,"column":2},"end":{"line":41,"column":null}},"4":{"start":{"line":30,"column":17},"end":{"line":31,"column":null}},"5":{"start":{"line":33,"column":6},"end":{"line":37,"column":null}},"6":{"start":{"line":34,"column":8},"end":{"line":36,"column":null}},"7":{"start":{"line":35,"column":10},"end":{"line":35,"column":null}},"8":{"start":{"line":38,"column":6},"end":{"line":38,"column":null}}},"fnMap":{"0":{"name":"useTauriQuery","decl":{"start":{"line":5,"column":16},"end":{"line":5,"column":null}},"loc":{"start":{"line":9,"column":2},"end":{"line":15,"column":null}},"line":9},"1":{"name":"(anonymous_1)","decl":{"start":{"line":12,"column":13},"end":{"line":12,"column":19}},"loc":{"start":{"line":12,"column":13},"end":{"line":12,"column":null}},"line":12},"2":{"name":"useTauriMutation","decl":{"start":{"line":23,"column":16},"end":{"line":23,"column":null}},"loc":{"start":{"line":26,"column":73},"end":{"line":42,"column":null}},"line":26},"3":{"name":"(anonymous_3)","decl":{"start":{"line":30,"column":16},"end":{"line":30,"column":17}},"loc":{"start":{"line":30,"column":17},"end":{"line":31,"column":null}},"line":30},"4":{"name":"(anonymous_4)","decl":{"start":{"line":32,"column":15},"end":{"line":32,"column":16}},"loc":{"start":{"line":32,"column":45},"end":{"line":39,"column":null}},"line":32}},"branchMap":{"0":{"loc":{"start":{"line":11,"column":14},"end":{"line":11,"column":null}},"type":"cond-expr","locations":[{"start":{"line":11,"column":21},"end":{"line":11,"column":39}},{"start":{"line":11,"column":39},"end":{"line":11,"column":null}}],"line":11},"1":{"loc":{"start":{"line":33,"column":6},"end":{"line":37,"column":null}},"type":"if","locations":[{"start":{"line":33,"column":6},"end":{"line":37,"column":null}},{"start":{},"end":{}}],"line":33}},"s":{"0":14,"1":10,"2":135,"3":135,"4":2,"5":1,"6":0,"7":0,"8":1},"f":{"0":14,"1":10,"2":135,"3":2,"4":1},"b":{"0":[6,8],"1":[0,1]},"meta":{"lastBranch":2,"lastFunction":5,"lastStatement":9,"seen":{"f:5:16:5:Infinity":0,"s:10:2:14:Infinity":0,"b:11:21:11:39:11:39:11:Infinity":0,"f:12:13:12:19":1,"s:12:13:12:Infinity":1,"f:23:16:23:Infinity":2,"s:27:8:27:Infinity":2,"s:29:2:41:Infinity":3,"f:30:16:30:17":3,"s:30:17:31:Infinity":4,"f:32:15:32:16":4,"b:33:6:37:Infinity:undefined:undefined:undefined:undefined":1,"s:33:6:37:Infinity":5,"s:34:8:36:Infinity":6,"s:35:10:35:Infinity":7,"s:38:6:38:Infinity":8}}}
,"/home/matvei/projets/vortex/src/api/queries.ts": {"path":"/home/matvei/projets/vortex/src/api/queries.ts","statementMap":{"0":{"start":{"line":3,"column":31},"end":{"line":11,"column":null}},"1":{"start":{"line":4,"column":13},"end":{"line":4,"column":null}},"2":{"start":{"line":5,"column":15},"end":{"line":5,"column":null}},"3":{"start":{"line":7,"column":4},"end":{"line":7,"column":null}},"4":{"start":{"line":8,"column":17},"end":{"line":8,"column":null}},"5":{"start":{"line":9,"column":26},"end":{"line":9,"column":null}},"6":{"start":{"line":10,"column":22},"end":{"line":10,"column":null}},"7":{"start":{"line":13,"column":29},"end":{"line":17,"column":null}},"8":{"start":{"line":14,"column":13},"end":{"line":14,"column":null}},"9":{"start":{"line":15,"column":15},"end":{"line":15,"column":null}},"10":{"start":{"line":16,"column":14},"end":{"line":16,"column":null}},"11":{"start":{"line":19,"column":30},"end":{"line":23,"column":null}},"12":{"start":{"line":20,"column":13},"end":{"line":20,"column":null}},"13":{"start":{"line":21,"column":15},"end":{"line":21,"column":null}},"14":{"start":{"line":22,"column":14},"end":{"line":22,"column":null}},"15":{"start":{"line":25,"column":28},"end":{"line":28,"column":null}},"16":{"start":{"line":26,"column":13},"end":{"line":26,"column":null}},"17":{"start":{"line":27,"column":18},"end":{"line":27,"column":null}}},"fnMap":{"0":{"name":"(anonymous_0)","decl":{"start":{"line":4,"column":7},"end":{"line":4,"column":13}},"loc":{"start":{"line":4,"column":13},"end":{"line":4,"column":null}},"line":4},"1":{"name":"(anonymous_1)","decl":{"start":{"line":5,"column":9},"end":{"line":5,"column":15}},"loc":{"start":{"line":5,"column":15},"end":{"line":5,"column":null}},"line":5},"2":{"name":"(anonymous_2)","decl":{"start":{"line":6,"column":8},"end":{"line":6,"column":9}},"loc":{"start":{"line":7,"column":4},"end":{"line":7,"column":null}},"line":7},"3":{"name":"(anonymous_3)","decl":{"start":{"line":8,"column":11},"end":{"line":8,"column":17}},"loc":{"start":{"line":8,"column":17},"end":{"line":8,"column":null}},"line":8},"4":{"name":"(anonymous_4)","decl":{"start":{"line":9,"column":10},"end":{"line":9,"column":11}},"loc":{"start":{"line":9,"column":26},"end":{"line":9,"column":null}},"line":9},"5":{"name":"(anonymous_5)","decl":{"start":{"line":10,"column":16},"end":{"line":10,"column":22}},"loc":{"start":{"line":10,"column":22},"end":{"line":10,"column":null}},"line":10},"6":{"name":"(anonymous_6)","decl":{"start":{"line":14,"column":7},"end":{"line":14,"column":13}},"loc":{"start":{"line":14,"column":13},"end":{"line":14,"column":null}},"line":14},"7":{"name":"(anonymous_7)","decl":{"start":{"line":15,"column":9},"end":{"line":15,"column":15}},"loc":{"start":{"line":15,"column":15},"end":{"line":15,"column":null}},"line":15},"8":{"name":"(anonymous_8)","decl":{"start":{"line":16,"column":8},"end":{"line":16,"column":14}},"loc":{"start":{"line":16,"column":14},"end":{"line":16,"column":null}},"line":16},"9":{"name":"(anonymous_9)","decl":{"start":{"line":20,"column":7},"end":{"line":20,"column":13}},"loc":{"start":{"line":20,"column":13},"end":{"line":20,"column":null}},"line":20},"10":{"name":"(anonymous_10)","decl":{"start":{"line":21,"column":9},"end":{"line":21,"column":15}},"loc":{"start":{"line":21,"column":15},"end":{"line":21,"column":null}},"line":21},"11":{"name":"(anonymous_11)","decl":{"start":{"line":22,"column":8},"end":{"line":22,"column":14}},"loc":{"start":{"line":22,"column":14},"end":{"line":22,"column":null}},"line":22},"12":{"name":"(anonymous_12)","decl":{"start":{"line":26,"column":7},"end":{"line":26,"column":13}},"loc":{"start":{"line":26,"column":13},"end":{"line":26,"column":null}},"line":26},"13":{"name":"(anonymous_13)","decl":{"start":{"line":27,"column":12},"end":{"line":27,"column":18}},"loc":{"start":{"line":27,"column":18},"end":{"line":27,"column":null}},"line":27}},"branchMap":{"0":{"loc":{"start":{"line":7,"column":4},"end":{"line":7,"column":null}},"type":"cond-expr","locations":[{"start":{"line":7,"column":15},"end":{"line":7,"column":66}},{"start":{"line":7,"column":66},"end":{"line":7,"column":null}}],"line":7}},"s":{"0":4,"1":124,"2":118,"3":2,"4":2,"5":1,"6":3,"7":4,"8":3,"9":2,"10":1,"11":4,"12":2,"13":1,"14":1,"15":4,"16":2,"17":1},"f":{"0":124,"1":118,"2":2,"3":2,"4":1,"5":3,"6":3,"7":2,"8":1,"9":2,"10":1,"11":1,"12":2,"13":1},"b":{"0":[1,1]},"meta":{"lastBranch":1,"lastFunction":14,"lastStatement":18,"seen":{"s:3:31:11:Infinity":0,"f:4:7:4:13":0,"s:4:13:4:Infinity":1,"f:5:9:5:15":1,"s:5:15:5:Infinity":2,"f:6:8:6:9":2,"s:7:4:7:Infinity":3,"b:7:15:7:66:7:66:7:Infinity":0,"f:8:11:8:17":3,"s:8:17:8:Infinity":4,"f:9:10:9:11":4,"s:9:26:9:Infinity":5,"f:10:16:10:22":5,"s:10:22:10:Infinity":6,"s:13:29:17:Infinity":7,"f:14:7:14:13":6,"s:14:13:14:Infinity":8,"f:15:9:15:15":7,"s:15:15:15:Infinity":9,"f:16:8:16:14":8,"s:16:14:16:Infinity":10,"s:19:30:23:Infinity":11,"f:20:7:20:13":9,"s:20:13:20:Infinity":12,"f:21:9:21:15":10,"s:21:15:21:Infinity":13,"f:22:8:22:14":11,"s:22:14:22:Infinity":14,"s:25:28:28:Infinity":15,"f:26:7:26:13":12,"s:26:13:26:Infinity":16,"f:27:12:27:18":13,"s:27:18:27:Infinity":17}}}
,"/home/matvei/projets/vortex/src/components/ui/badge.tsx": {"path":"/home/matvei/projets/vortex/src/components/ui/badge.tsx","statementMap":{"0":{"start":{"line":5,"column":6},"end":{"line":23,"column":null}},"1":{"start":{"line":30,"column":2},"end":{"line":31,"column":null}}},"fnMap":{"0":{"name":"Badge","decl":{"start":{"line":29,"column":9},"end":{"line":29,"column":15}},"loc":{"start":{"line":29,"column":61},"end":{"line":33,"column":null}},"line":29}},"branchMap":{},"s":{"0":3,"1":62},"f":{"0":62},"b":{},"meta":{"lastBranch":0,"lastFunction":1,"lastStatement":2,"seen":{"s:5:6:23:Infinity":0,"f:29:9:29:15":0,"s:30:2:31:Infinity":1}}}
,"/home/matvei/projets/vortex/src/components/ui/button.tsx": {"path":"/home/matvei/projets/vortex/src/components/ui/button.tsx","statementMap":{"0":{"start":{"line":6,"column":6},"end":{"line":34,"column":null}},"1":{"start":{"line":42,"column":15},"end":{"line":53,"column":null}},"2":{"start":{"line":44,"column":17},"end":{"line":44,"column":null}},"3":{"start":{"line":45,"column":4},"end":{"line":50,"column":null}},"4":{"start":{"line":54,"column":0},"end":{"line":54,"column":null}}},"fnMap":{"0":{"name":"(anonymous_0)","decl":{"start":{"line":43,"column":2},"end":{"line":43,"column":3}},"loc":{"start":{"line":43,"column":68},"end":{"line":52,"column":null}},"line":43}},"branchMap":{"0":{"loc":{"start":{"line":43,"column":31},"end":{"line":43,"column":48}},"type":"default-arg","locations":[{"start":{"line":43,"column":41},"end":{"line":43,"column":48}}],"line":43},"1":{"loc":{"start":{"line":44,"column":17},"end":{"line":44,"column":null}},"type":"cond-expr","locations":[{"start":{"line":44,"column":27},"end":{"line":44,"column":34}},{"start":{"line":44,"column":34},"end":{"line":44,"column":null}}],"line":44}},"s":{"0":4,"1":4,"2":108,"3":108,"4":4},"f":{"0":108},"b":{"0":[108],"1":[0,108]},"meta":{"lastBranch":2,"lastFunction":1,"lastStatement":5,"seen":{"s:6:6:34:Infinity":0,"s:42:15:53:Infinity":1,"f:43:2:43:3":0,"b:43:41:43:48":0,"s:44:17:44:Infinity":2,"b:44:27:44:34:44:34:44:Infinity":1,"s:45:4:50:Infinity":3,"s:54:0:54:Infinity":4}}}
,"/home/matvei/projets/vortex/src/components/ui/checkbox.tsx": {"path":"/home/matvei/projets/vortex/src/components/ui/checkbox.tsx","statementMap":{"0":{"start":{"line":7,"column":0},"end":{"line":7,"column":null}},"1":{"start":{"line":13,"column":2},"end":{"line":28,"column":null}}},"fnMap":{"0":{"name":"Checkbox","decl":{"start":{"line":9,"column":9},"end":{"line":9,"column":18}},"loc":{"start":{"line":12,"column":56},"end":{"line":30,"column":null}},"line":12}},"branchMap":{},"s":{"0":2,"1":32},"f":{"0":32},"b":{},"meta":{"lastBranch":0,"lastFunction":1,"lastStatement":2,"seen":{"s:7:0:7:Infinity":0,"f:9:9:9:18":0,"s:13:2:28:Infinity":1}}}
,"/home/matvei/projets/vortex/src/components/ui/dropdown-menu.tsx": {"path":"/home/matvei/projets/vortex/src/components/ui/dropdown-menu.tsx","statementMap":{"0":{"start":{"line":10,"column":2},"end":{"line":10,"column":null}},"1":{"start":{"line":16,"column":2},"end":{"line":17,"column":null}},"2":{"start":{"line":24,"column":2},"end":{"line":28,"column":null}},"3":{"start":{"line":37,"column":2},"end":{"line":48,"column":null}},"4":{"start":{"line":55,"column":2},"end":{"line":56,"column":null}},"5":{"start":{"line":69,"column":2},"end":{"line":79,"column":null}},"6":{"start":{"line":89,"column":2},"end":{"line":105,"column":null}},"7":{"start":{"line":112,"column":2},"end":{"line":116,"column":null}},"8":{"start":{"line":125,"column":2},"end":{"line":140,"column":null}},"9":{"start":{"line":151,"column":2},"end":{"line":160,"column":null}},"10":{"start":{"line":168,"column":2},"end":{"line":173,"column":null}},"11":{"start":{"line":181,"column":2},"end":{"line":189,"column":null}},"12":{"start":{"line":196,"column":2},"end":{"line":196,"column":null}},"13":{"start":{"line":207,"column":2},"end":{"line":219,"column":null}},"14":{"start":{"line":227,"column":2},"end":{"line":235,"column":null}}},"fnMap":{"0":{"name":"DropdownMenu","decl":{"start":{"line":7,"column":9},"end":{"line":7,"column":22}},"loc":{"start":{"line":9,"column":60},"end":{"line":11,"column":null}},"line":9},"1":{"name":"DropdownMenuPortal","decl":{"start":{"line":13,"column":9},"end":{"line":13,"column":28}},"loc":{"start":{"line":15,"column":62},"end":{"line":19,"column":null}},"line":15},"2":{"name":"DropdownMenuTrigger","decl":{"start":{"line":21,"column":9},"end":{"line":21,"column":29}},"loc":{"start":{"line":23,"column":63},"end":{"line":30,"column":null}},"line":23},"3":{"name":"DropdownMenuContent","decl":{"start":{"line":32,"column":9},"end":{"line":32,"column":29}},"loc":{"start":{"line":36,"column":63},"end":{"line":50,"column":null}},"line":36},"4":{"name":"DropdownMenuGroup","decl":{"start":{"line":52,"column":9},"end":{"line":52,"column":27}},"loc":{"start":{"line":54,"column":61},"end":{"line":58,"column":null}},"line":54},"5":{"name":"DropdownMenuItem","decl":{"start":{"line":60,"column":9},"end":{"line":60,"column":26}},"loc":{"start":{"line":68,"column":3},"end":{"line":81,"column":null}},"line":68},"6":{"name":"DropdownMenuCheckboxItem","decl":{"start":{"line":83,"column":9},"end":{"line":83,"column":34}},"loc":{"start":{"line":88,"column":68},"end":{"line":107,"column":null}},"line":88},"7":{"name":"DropdownMenuRadioGroup","decl":{"start":{"line":109,"column":9},"end":{"line":109,"column":32}},"loc":{"start":{"line":111,"column":66},"end":{"line":118,"column":null}},"line":111},"8":{"name":"DropdownMenuRadioItem","decl":{"start":{"line":120,"column":9},"end":{"line":120,"column":31}},"loc":{"start":{"line":124,"column":65},"end":{"line":142,"column":null}},"line":124},"9":{"name":"DropdownMenuLabel","decl":{"start":{"line":144,"column":9},"end":{"line":144,"column":27}},"loc":{"start":{"line":150,"column":3},"end":{"line":162,"column":null}},"line":150},"10":{"name":"DropdownMenuSeparator","decl":{"start":{"line":164,"column":9},"end":{"line":164,"column":31}},"loc":{"start":{"line":167,"column":65},"end":{"line":175,"column":null}},"line":167},"11":{"name":"DropdownMenuShortcut","decl":{"start":{"line":177,"column":9},"end":{"line":177,"column":30}},"loc":{"start":{"line":180,"column":33},"end":{"line":191,"column":null}},"line":180},"12":{"name":"DropdownMenuSub","decl":{"start":{"line":193,"column":9},"end":{"line":193,"column":25}},"loc":{"start":{"line":195,"column":59},"end":{"line":197,"column":null}},"line":195},"13":{"name":"DropdownMenuSubTrigger","decl":{"start":{"line":199,"column":9},"end":{"line":199,"column":32}},"loc":{"start":{"line":206,"column":3},"end":{"line":221,"column":null}},"line":206},"14":{"name":"DropdownMenuSubContent","decl":{"start":{"line":223,"column":9},"end":{"line":223,"column":32}},"loc":{"start":{"line":226,"column":66},"end":{"line":237,"column":null}},"line":226}},"branchMap":{"0":{"loc":{"start":{"line":34,"column":2},"end":{"line":34,"column":null}},"type":"default-arg","locations":[{"start":{"line":34,"column":15},"end":{"line":34,"column":null}}],"line":34},"1":{"loc":{"start":{"line":63,"column":2},"end":{"line":63,"column":null}},"type":"default-arg","locations":[{"start":{"line":63,"column":12},"end":{"line":63,"column":null}}],"line":63}},"s":{"0":22,"1":0,"2":22,"3":22,"4":0,"5":0,"6":0,"7":0,"8":0,"9":0,"10":0,"11":0,"12":0,"13":0,"14":0},"f":{"0":22,"1":0,"2":22,"3":22,"4":0,"5":0,"6":0,"7":0,"8":0,"9":0,"10":0,"11":0,"12":0,"13":0,"14":0},"b":{"0":[22],"1":[0]},"meta":{"lastBranch":2,"lastFunction":15,"lastStatement":15,"seen":{"f:7:9:7:22":0,"s:10:2:10:Infinity":0,"f:13:9:13:28":1,"s:16:2:17:Infinity":1,"f:21:9:21:29":2,"s:24:2:28:Infinity":2,"f:32:9:32:29":3,"b:34:15:34:Infinity":0,"s:37:2:48:Infinity":3,"f:52:9:52:27":4,"s:55:2:56:Infinity":4,"f:60:9:60:26":5,"b:63:12:63:Infinity":1,"s:69:2:79:Infinity":5,"f:83:9:83:34":6,"s:89:2:105:Infinity":6,"f:109:9:109:32":7,"s:112:2:116:Infinity":7,"f:120:9:120:31":8,"s:125:2:140:Infinity":8,"f:144:9:144:27":9,"s:151:2:160:Infinity":9,"f:164:9:164:31":10,"s:168:2:173:Infinity":10,"f:177:9:177:30":11,"s:181:2:189:Infinity":11,"f:193:9:193:25":12,"s:196:2:196:Infinity":12,"f:199:9:199:32":13,"s:207:2:219:Infinity":13,"f:223:9:223:32":14,"s:227:2:235:Infinity":14}}}
,"/home/matvei/projets/vortex/src/components/ui/input.tsx": {"path":"/home/matvei/projets/vortex/src/components/ui/input.tsx","statementMap":{"0":{"start":{"line":6,"column":2},"end":{"line":17,"column":null}}},"fnMap":{"0":{"name":"Input","decl":{"start":{"line":5,"column":9},"end":{"line":5,"column":15}},"loc":{"start":{"line":5,"column":77},"end":{"line":19,"column":null}},"line":5}},"branchMap":{},"s":{"0":6},"f":{"0":6},"b":{},"meta":{"lastBranch":0,"lastFunction":1,"lastStatement":1,"seen":{"f:5:9:5:15":0,"s:6:2:17:Infinity":0}}}
,"/home/matvei/projets/vortex/src/components/ui/progress.tsx": {"path":"/home/matvei/projets/vortex/src/components/ui/progress.tsx","statementMap":{"0":{"start":{"line":11,"column":2},"end":{"line":25,"column":null}}},"fnMap":{"0":{"name":"Progress","decl":{"start":{"line":6,"column":9},"end":{"line":6,"column":18}},"loc":{"start":{"line":10,"column":56},"end":{"line":27,"column":null}},"line":10}},"branchMap":{"0":{"loc":{"start":{"line":23,"column":50},"end":{"line":23,"column":61}},"type":"binary-expr","locations":[{"start":{"line":23,"column":50},"end":{"line":23,"column":59}},{"start":{"line":23,"column":59},"end":{"line":23,"column":61}}],"line":23}},"s":{"0":22},"f":{"0":22},"b":{"0":[22,0]},"meta":{"lastBranch":1,"lastFunction":1,"lastStatement":1,"seen":{"f:6:9:6:18":0,"s:11:2:25:Infinity":0,"b:23:50:23:59:23:59:23:61":0}}}
,"/home/matvei/projets/vortex/src/components/ui/tooltip.tsx": {"path":"/home/matvei/projets/vortex/src/components/ui/tooltip.tsx","statementMap":{"0":{"start":{"line":10,"column":2},"end":{"line":15,"column":null}},"1":{"start":{"line":22,"column":2},"end":{"line":22,"column":null}},"2":{"start":{"line":28,"column":2},"end":{"line":28,"column":null}},"3":{"start":{"line":37,"column":2},"end":{"line":51,"column":null}}},"fnMap":{"0":{"name":"TooltipProvider","decl":{"start":{"line":6,"column":9},"end":{"line":6,"column":25}},"loc":{"start":{"line":9,"column":59},"end":{"line":17,"column":null}},"line":9},"1":{"name":"Tooltip","decl":{"start":{"line":19,"column":9},"end":{"line":19,"column":17}},"loc":{"start":{"line":21,"column":55},"end":{"line":23,"column":null}},"line":21},"2":{"name":"TooltipTrigger","decl":{"start":{"line":25,"column":9},"end":{"line":25,"column":24}},"loc":{"start":{"line":27,"column":58},"end":{"line":29,"column":null}},"line":27},"3":{"name":"TooltipContent","decl":{"start":{"line":31,"column":9},"end":{"line":31,"column":24}},"loc":{"start":{"line":36,"column":58},"end":{"line":53,"column":null}},"line":36}},"branchMap":{"0":{"loc":{"start":{"line":7,"column":2},"end":{"line":7,"column":null}},"type":"default-arg","locations":[{"start":{"line":7,"column":18},"end":{"line":7,"column":null}}],"line":7},"1":{"loc":{"start":{"line":33,"column":2},"end":{"line":33,"column":null}},"type":"default-arg","locations":[{"start":{"line":33,"column":15},"end":{"line":33,"column":null}}],"line":33}},"s":{"0":11,"1":22,"2":22,"3":22},"f":{"0":11,"1":22,"2":22,"3":22},"b":{"0":[11],"1":[22]},"meta":{"lastBranch":2,"lastFunction":4,"lastStatement":4,"seen":{"f:6:9:6:25":0,"b:7:18:7:Infinity":0,"s:10:2:15:Infinity":0,"f:19:9:19:17":1,"s:22:2:22:Infinity":1,"f:25:9:25:24":2,"s:28:2:28:Infinity":2,"f:31:9:31:24":3,"b:33:15:33:Infinity":1,"s:37:2:51:Infinity":3}}}
,"/home/matvei/projets/vortex/src/hooks/useDownloadEvents.ts": {"path":"/home/matvei/projets/vortex/src/hooks/useDownloadEvents.ts","statementMap":{"0":{"start":{"line":7,"column":30},"end":{"line":9,"column":null}},"1":{"start":{"line":8,"column":4},"end":{"line":8,"column":null}},"2":{"start":{"line":11,"column":2},"end":{"line":11,"column":null}},"3":{"start":{"line":12,"column":2},"end":{"line":12,"column":null}},"4":{"start":{"line":13,"column":2},"end":{"line":13,"column":null}},"5":{"start":{"line":14,"column":2},"end":{"line":14,"column":null}},"6":{"start":{"line":15,"column":2},"end":{"line":15,"column":null}},"7":{"start":{"line":16,"column":2},"end":{"line":16,"column":null}},"8":{"start":{"line":17,"column":2},"end":{"line":17,"column":null}},"9":{"start":{"line":18,"column":2},"end":{"line":18,"column":null}}},"fnMap":{"0":{"name":"useDownloadEvents","decl":{"start":{"line":6,"column":16},"end":{"line":6,"column":42}},"loc":{"start":{"line":6,"column":42},"end":{"line":19,"column":null}},"line":6},"1":{"name":"(anonymous_1)","decl":{"start":{"line":7,"column":30},"end":{"line":7,"column":36}},"loc":{"start":{"line":7,"column":36},"end":{"line":9,"column":null}},"line":7}},"branchMap":{},"s":{"0":6,"1":5,"2":6,"3":6,"4":6,"5":6,"6":6,"7":6,"8":6,"9":6},"f":{"0":6,"1":5},"b":{},"meta":{"lastBranch":0,"lastFunction":2,"lastStatement":10,"seen":{"f:6:16:6:42":0,"s:7:30:9:Infinity":0,"f:7:30:7:36":1,"s:8:4:8:Infinity":1,"s:11:2:11:Infinity":2,"s:12:2:12:Infinity":3,"s:13:2:13:Infinity":4,"s:14:2:14:Infinity":5,"s:15:2:15:Infinity":6,"s:16:2:16:Infinity":7,"s:17:2:17:Infinity":8,"s:18:2:18:Infinity":9}}}
,"/home/matvei/projets/vortex/src/hooks/useDownloadProgress.ts": {"path":"/home/matvei/projets/vortex/src/hooks/useDownloadProgress.ts","statementMap":{"0":{"start":{"line":6,"column":2},"end":{"line":12,"column":null}},"1":{"start":{"line":7,"column":4},"end":{"line":11,"column":null}}},"fnMap":{"0":{"name":"useDownloadProgress","decl":{"start":{"line":5,"column":16},"end":{"line":5,"column":44}},"loc":{"start":{"line":5,"column":44},"end":{"line":13,"column":null}},"line":5},"1":{"name":"(anonymous_1)","decl":{"start":{"line":6,"column":62},"end":{"line":6,"column":63}},"loc":{"start":{"line":6,"column":75},"end":{"line":12,"column":3}},"line":6}},"branchMap":{},"s":{"0":6,"1":2},"f":{"0":6,"1":2},"b":{},"meta":{"lastBranch":0,"lastFunction":2,"lastStatement":2,"seen":{"f:5:16:5:44":0,"s:6:2:12:Infinity":0,"f:6:62:6:63":1,"s:7:4:11:Infinity":1}}}
,"/home/matvei/projets/vortex/src/hooks/useTauriEvent.ts": {"path":"/home/matvei/projets/vortex/src/hooks/useTauriEvent.ts","statementMap":{"0":{"start":{"line":5,"column":8},"end":{"line":5,"column":null}},"1":{"start":{"line":6,"column":2},"end":{"line":6,"column":null}},"2":{"start":{"line":8,"column":2},"end":{"line":27,"column":null}},"3":{"start":{"line":9,"column":20},"end":{"line":9,"column":null}},"4":{"start":{"line":12,"column":4},"end":{"line":21,"column":null}},"5":{"start":{"line":13,"column":6},"end":{"line":15,"column":null}},"6":{"start":{"line":14,"column":8},"end":{"line":14,"column":null}},"7":{"start":{"line":18,"column":8},"end":{"line":19,"column":null}},"8":{"start":{"line":18,"column":23},"end":{"line":18,"column":null}},"9":{"start":{"line":19,"column":13},"end":{"line":19,"column":null}},"10":{"start":{"line":23,"column":4},"end":{"line":26,"column":null}},"11":{"start":{"line":24,"column":6},"end":{"line":24,"column":null}},"12":{"start":{"line":25,"column":6},"end":{"line":25,"column":null}}},"fnMap":{"0":{"name":"useTauriEvent","decl":{"start":{"line":4,"column":16},"end":{"line":4,"column":33}},"loc":{"start":{"line":4,"column":90},"end":{"line":28,"column":null}},"line":4},"1":{"name":"(anonymous_1)","decl":{"start":{"line":8,"column":12},"end":{"line":8,"column":18}},"loc":{"start":{"line":8,"column":18},"end":{"line":27,"column":5}},"line":8},"2":{"name":"(anonymous_2)","decl":{"start":{"line":12,"column":25},"end":{"line":12,"column":26}},"loc":{"start":{"line":12,"column":36},"end":{"line":16,"column":5}},"line":12},"3":{"name":"(anonymous_3)","decl":{"start":{"line":17,"column":12},"end":{"line":17,"column":13}},"loc":{"start":{"line":17,"column":20},"end":{"line":20,"column":7}},"line":17},"4":{"name":"(anonymous_4)","decl":{"start":{"line":21,"column":13},"end":{"line":21,"column":19}},"loc":{"start":{"line":21,"column":19},"end":{"line":21,"column":21}},"line":21},"5":{"name":"(anonymous_5)","decl":{"start":{"line":23,"column":11},"end":{"line":23,"column":17}},"loc":{"start":{"line":23,"column":17},"end":{"line":26,"column":null}},"line":23}},"branchMap":{"0":{"loc":{"start":{"line":13,"column":6},"end":{"line":15,"column":null}},"type":"if","locations":[{"start":{"line":13,"column":6},"end":{"line":15,"column":null}},{"start":{},"end":{}}],"line":13},"1":{"loc":{"start":{"line":18,"column":8},"end":{"line":19,"column":null}},"type":"if","locations":[{"start":{"line":18,"column":8},"end":{"line":19,"column":null}},{"start":{"line":19,"column":13},"end":{"line":19,"column":null}}],"line":18}},"s":{"0":12,"1":12,"2":12,"3":11,"4":11,"5":3,"6":2,"7":10,"8":3,"9":7,"10":11,"11":11,"12":11},"f":{"0":12,"1":11,"2":3,"3":10,"4":1,"5":11},"b":{"0":[2,1],"1":[3,7]},"meta":{"lastBranch":2,"lastFunction":6,"lastStatement":13,"seen":{"f:4:16:4:33":0,"s:5:8:5:Infinity":0,"s:6:2:6:Infinity":1,"s:8:2:27:Infinity":2,"f:8:12:8:18":1,"s:9:20:9:Infinity":3,"s:12:4:21:Infinity":4,"f:12:25:12:26":2,"b:13:6:15:Infinity:undefined:undefined:undefined:undefined":0,"s:13:6:15:Infinity":5,"s:14:8:14:Infinity":6,"f:17:12:17:13":3,"b:18:8:19:Infinity:19:13:19:Infinity":1,"s:18:8:19:Infinity":7,"s:18:23:18:Infinity":8,"s:19:13:19:Infinity":9,"f:21:13:21:19":4,"s:23:4:26:Infinity":10,"f:23:11:23:17":5,"s:24:6:24:Infinity":11,"s:25:6:25:Infinity":12}}}
,"/home/matvei/projets/vortex/src/layouts/AppLayout.tsx": {"path":"/home/matvei/projets/vortex/src/layouts/AppLayout.tsx","statementMap":{"0":{"start":{"line":10,"column":8},"end":{"line":10,"column":null}},"1":{"start":{"line":11,"column":2},"end":{"line":11,"column":null}},"2":{"start":{"line":12,"column":2},"end":{"line":12,"column":null}},"3":{"start":{"line":14,"column":2},"end":{"line":42,"column":null}},"4":{"start":{"line":16,"column":23},"end":{"line":16,"column":null}},"5":{"start":{"line":17,"column":6},"end":{"line":17,"column":null}},"6":{"start":{"line":17,"column":21},"end":{"line":17,"column":null}},"7":{"start":{"line":19,"column":21},"end":{"line":19,"column":null}},"8":{"start":{"line":20,"column":6},"end":{"line":25,"column":null}},"9":{"start":{"line":24,"column":8},"end":{"line":24,"column":null}},"10":{"start":{"line":27,"column":6},"end":{"line":31,"column":null}},"11":{"start":{"line":28,"column":8},"end":{"line":28,"column":null}},"12":{"start":{"line":29,"column":8},"end":{"line":29,"column":null}},"13":{"start":{"line":30,"column":8},"end":{"line":30,"column":null}},"14":{"start":{"line":33,"column":20},"end":{"line":33,"column":null}},"15":{"start":{"line":34,"column":6},"end":{"line":37,"column":null}},"16":{"start":{"line":35,"column":8},"end":{"line":35,"column":null}},"17":{"start":{"line":36,"column":8},"end":{"line":36,"column":null}},"18":{"start":{"line":40,"column":4},"end":{"line":40,"column":null}},"19":{"start":{"line":41,"column":4},"end":{"line":41,"column":null}},"20":{"start":{"line":41,"column":17},"end":{"line":41,"column":null}},"21":{"start":{"line":44,"column":2},"end":{"line":53,"column":null}}},"fnMap":{"0":{"name":"AppLayout","decl":{"start":{"line":9,"column":16},"end":{"line":9,"column":28}},"loc":{"start":{"line":9,"column":28},"end":{"line":55,"column":null}},"line":9},"1":{"name":"(anonymous_1)","decl":{"start":{"line":14,"column":12},"end":{"line":14,"column":18}},"loc":{"start":{"line":14,"column":18},"end":{"line":42,"column":5}},"line":14},"2":{"name":"handleKeydown","decl":{"start":{"line":15,"column":13},"end":{"line":15,"column":27}},"loc":{"start":{"line":15,"column":49},"end":{"line":38,"column":null}},"line":15},"3":{"name":"(anonymous_3)","decl":{"start":{"line":41,"column":11},"end":{"line":41,"column":17}},"loc":{"start":{"line":41,"column":17},"end":{"line":41,"column":null}},"line":41}},"branchMap":{"0":{"loc":{"start":{"line":16,"column":23},"end":{"line":16,"column":null}},"type":"cond-expr","locations":[{"start":{"line":16,"column":60},"end":{"line":16,"column":76}},{"start":{"line":16,"column":76},"end":{"line":16,"column":null}}],"line":16},"1":{"loc":{"start":{"line":17,"column":6},"end":{"line":17,"column":null}},"type":"if","locations":[{"start":{"line":17,"column":6},"end":{"line":17,"column":null}},{"start":{},"end":{}}],"line":17},"2":{"loc":{"start":{"line":20,"column":6},"end":{"line":25,"column":null}},"type":"if","locations":[{"start":{"line":20,"column":6},"end":{"line":25,"column":null}},{"start":{},"end":{}}],"line":20},"3":{"loc":{"start":{"line":21,"column":8},"end":{"line":22,"column":null}},"type":"binary-expr","locations":[{"start":{"line":21,"column":8},"end":{"line":21,"column":null}},{"start":{"line":22,"column":9},"end":{"line":22,"column":39}},{"start":{"line":22,"column":39},"end":{"line":22,"column":72}},{"start":{"line":22,"column":72},"end":{"line":22,"column":null}}],"line":21},"4":{"loc":{"start":{"line":27,"column":6},"end":{"line":31,"column":null}},"type":"if","locations":[{"start":{"line":27,"column":6},"end":{"line":31,"column":null}},{"start":{},"end":{}}],"line":27},"5":{"loc":{"start":{"line":34,"column":6},"end":{"line":37,"column":null}},"type":"if","locations":[{"start":{"line":34,"column":6},"end":{"line":37,"column":null}},{"start":{},"end":{}}],"line":34},"6":{"loc":{"start":{"line":34,"column":10},"end":{"line":34,"column":57}},"type":"binary-expr","locations":[{"start":{"line":34,"column":10},"end":{"line":34,"column":24}},{"start":{"line":34,"column":24},"end":{"line":34,"column":38}},{"start":{"line":34,"column":38},"end":{"line":34,"column":57}}],"line":34}},"s":{"0":6,"1":6,"2":6,"3":6,"4":5,"5":5,"6":1,"7":4,"8":4,"9":0,"10":4,"11":2,"12":2,"13":2,"14":2,"15":2,"16":2,"17":2,"18":6,"19":6,"20":6,"21":6},"f":{"0":6,"1":6,"2":5,"3":6},"b":{"0":[2,3],"1":[1,4],"2":[0,4],"3":[4,0,0,0],"4":[2,2],"5":[2,0],"6":[2,2,2]},"meta":{"lastBranch":7,"lastFunction":4,"lastStatement":22,"seen":{"f:9:16:9:28":0,"s:10:8:10:Infinity":0,"s:11:2:11:Infinity":1,"s:12:2:12:Infinity":2,"s:14:2:42:Infinity":3,"f:14:12:14:18":1,"f:15:13:15:27":2,"s:16:23:16:Infinity":4,"b:16:60:16:76:16:76:16:Infinity":0,"b:17:6:17:Infinity:undefined:undefined:undefined:undefined":1,"s:17:6:17:Infinity":5,"s:17:21:17:Infinity":6,"s:19:21:19:Infinity":7,"b:20:6:25:Infinity:undefined:undefined:undefined:undefined":2,"s:20:6:25:Infinity":8,"b:21:8:21:Infinity:22:9:22:39:22:39:22:72:22:72:22:Infinity":3,"s:24:8:24:Infinity":9,"b:27:6:31:Infinity:undefined:undefined:undefined:undefined":4,"s:27:6:31:Infinity":10,"s:28:8:28:Infinity":11,"s:29:8:29:Infinity":12,"s:30:8:30:Infinity":13,"s:33:20:33:Infinity":14,"b:34:6:37:Infinity:undefined:undefined:undefined:undefined":5,"s:34:6:37:Infinity":15,"b:34:10:34:24:34:24:34:38:34:38:34:57":6,"s:35:8:35:Infinity":16,"s:36:8:36:Infinity":17,"s:40:4:40:Infinity":18,"s:41:4:41:Infinity":19,"f:41:11:41:17":3,"s:41:17:41:Infinity":20,"s:44:2:53:Infinity":21}}}
,"/home/matvei/projets/vortex/src/layouts/Sidebar.tsx": {"path":"/home/matvei/projets/vortex/src/layouts/Sidebar.tsx","statementMap":{"0":{"start":{"line":6,"column":21},"end":{"line":6,"column":null}},"1":{"start":{"line":9,"column":2},"end":{"line":42,"column":null}},"2":{"start":{"line":19,"column":10},"end":{"line":39,"column":null}},"3":{"start":{"line":26,"column":37},"end":{"line":33,"column":null}}},"fnMap":{"0":{"name":"Sidebar","decl":{"start":{"line":8,"column":16},"end":{"line":8,"column":26}},"loc":{"start":{"line":8,"column":26},"end":{"line":44,"column":null}},"line":8},"1":{"name":"(anonymous_1)","decl":{"start":{"line":18,"column":20},"end":{"line":18,"column":21}},"loc":{"start":{"line":19,"column":10},"end":{"line":39,"column":null}},"line":19},"2":{"name":"(anonymous_2)","decl":{"start":{"line":26,"column":25},"end":{"line":26,"column":26}},"loc":{"start":{"line":26,"column":37},"end":{"line":33,"column":null}},"line":26}},"branchMap":{"0":{"loc":{"start":{"line":20,"column":13},"end":{"line":21,"column":null}},"type":"binary-expr","locations":[{"start":{"line":20,"column":13},"end":{"line":20,"column":null}},{"start":{"line":21,"column":14},"end":{"line":21,"column":null}}],"line":20},"1":{"loc":{"start":{"line":30,"column":18},"end":{"line":32,"column":null}},"type":"cond-expr","locations":[{"start":{"line":31,"column":22},"end":{"line":31,"column":null}},{"start":{"line":32,"column":22},"end":{"line":32,"column":null}}],"line":30}},"s":{"0":2,"1":11,"2":110,"3":110},"f":{"0":11,"1":110,"2":110},"b":{"0":[110,22],"1":[11,99]},"meta":{"lastBranch":2,"lastFunction":3,"lastStatement":4,"seen":{"s:6:21:6:Infinity":0,"f:8:16:8:26":0,"s:9:2:42:Infinity":1,"f:18:20:18:21":1,"s:19:10:39:Infinity":2,"b:20:13:20:Infinity:21:14:21:Infinity":0,"f:26:25:26:26":2,"s:26:37:33:Infinity":3,"b:31:22:31:Infinity:32:22:32:Infinity":1}}}
,"/home/matvei/projets/vortex/src/layouts/StatusBar.tsx": {"path":"/home/matvei/projets/vortex/src/layouts/StatusBar.tsx","statementMap":{"0":{"start":{"line":5,"column":2},"end":{"line":5,"column":null}},"1":{"start":{"line":9,"column":8},"end":{"line":9,"column":null}},"2":{"start":{"line":10,"column":8},"end":{"line":10,"column":null}},"3":{"start":{"line":11,"column":8},"end":{"line":11,"column":null}},"4":{"start":{"line":11,"column":47},"end":{"line":11,"column":63}},"5":{"start":{"line":12,"column":8},"end":{"line":12,"column":null}},"6":{"start":{"line":12,"column":46},"end":{"line":12,"column":61}},"7":{"start":{"line":13,"column":8},"end":{"line":13,"column":null}},"8":{"start":{"line":13,"column":47},"end":{"line":13,"column":63}},"9":{"start":{"line":15,"column":21},"end":{"line":15,"column":null}},"10":{"start":{"line":17,"column":2},"end":{"line":36,"column":null}}},"fnMap":{"0":{"name":"Dot","decl":{"start":{"line":4,"column":9},"end":{"line":4,"column":15}},"loc":{"start":{"line":4,"column":15},"end":{"line":6,"column":null}},"line":4},"1":{"name":"StatusBar","decl":{"start":{"line":8,"column":16},"end":{"line":8,"column":28}},"loc":{"start":{"line":8,"column":28},"end":{"line":38,"column":null}},"line":8},"2":{"name":"(anonymous_2)","decl":{"start":{"line":11,"column":36},"end":{"line":11,"column":37}},"loc":{"start":{"line":11,"column":47},"end":{"line":11,"column":63}},"line":11},"3":{"name":"(anonymous_3)","decl":{"start":{"line":12,"column":35},"end":{"line":12,"column":36}},"loc":{"start":{"line":12,"column":46},"end":{"line":12,"column":61}},"line":12},"4":{"name":"(anonymous_4)","decl":{"start":{"line":13,"column":36},"end":{"line":13,"column":37}},"loc":{"start":{"line":13,"column":47},"end":{"line":13,"column":63}},"line":13}},"branchMap":{"0":{"loc":{"start":{"line":15,"column":21},"end":{"line":15,"column":null}},"type":"cond-expr","locations":[{"start":{"line":15,"column":38},"end":{"line":15,"column":61}},{"start":{"line":15,"column":61},"end":{"line":15,"column":null}}],"line":15}},"s":{"0":33,"1":11,"2":11,"3":11,"4":33,"5":11,"6":33,"7":11,"8":33,"9":11,"10":11},"f":{"0":33,"1":11,"2":33,"3":33,"4":33},"b":{"0":[0,11]},"meta":{"lastBranch":1,"lastFunction":5,"lastStatement":11,"seen":{"f:4:9:4:15":0,"s:5:2:5:Infinity":0,"f:8:16:8:28":1,"s:9:8:9:Infinity":1,"s:10:8:10:Infinity":2,"s:11:8:11:Infinity":3,"f:11:36:11:37":2,"s:11:47:11:63":4,"s:12:8:12:Infinity":5,"f:12:35:12:36":3,"s:12:46:12:61":6,"s:13:8:13:Infinity":7,"f:13:36:13:37":4,"s:13:47:13:63":8,"s:15:21:15:Infinity":9,"b:15:38:15:61:15:61:15:Infinity":0,"s:17:2:36:Infinity":10}}}
,"/home/matvei/projets/vortex/src/lib/format.ts": {"path":"/home/matvei/projets/vortex/src/lib/format.ts","statementMap":{"0":{"start":{"line":2,"column":2},"end":{"line":2,"column":null}},"1":{"start":{"line":2,"column":65},"end":{"line":2,"column":null}},"2":{"start":{"line":4,"column":15},"end":{"line":4,"column":null}},"3":{"start":{"line":5,"column":16},"end":{"line":5,"column":null}},"4":{"start":{"line":6,"column":18},"end":{"line":6,"column":null}},"5":{"start":{"line":7,"column":15},"end":{"line":7,"column":null}},"6":{"start":{"line":9,"column":2},"end":{"line":9,"column":null}},"7":{"start":{"line":9,"column":16},"end":{"line":9,"column":null}},"8":{"start":{"line":10,"column":2},"end":{"line":10,"column":null}},"9":{"start":{"line":10,"column":17},"end":{"line":10,"column":null}},"10":{"start":{"line":11,"column":2},"end":{"line":11,"column":null}},"11":{"start":{"line":11,"column":19},"end":{"line":11,"column":null}},"12":{"start":{"line":12,"column":2},"end":{"line":12,"column":null}},"13":{"start":{"line":16,"column":2},"end":{"line":16,"column":null}},"14":{"start":{"line":16,"column":24},"end":{"line":16,"column":null}},"15":{"start":{"line":18,"column":16},"end":{"line":18,"column":null}},"16":{"start":{"line":19,"column":14},"end":{"line":19,"column":null}},"17":{"start":{"line":20,"column":18},"end":{"line":20,"column":null}},"18":{"start":{"line":22,"column":2},"end":{"line":25,"column":null}},"19":{"start":{"line":23,"column":4},"end":{"line":23,"column":null}},"20":{"start":{"line":24,"column":4},"end":{"line":24,"column":null}},"21":{"start":{"line":27,"column":2},"end":{"line":27,"column":null}},"22":{"start":{"line":31,"column":2},"end":{"line":31,"column":null}},"23":{"start":{"line":31,"column":59},"end":{"line":31,"column":null}},"24":{"start":{"line":33,"column":16},"end":{"line":33,"column":null}},"25":{"start":{"line":34,"column":14},"end":{"line":34,"column":null}},"26":{"start":{"line":35,"column":18},"end":{"line":35,"column":null}},"27":{"start":{"line":37,"column":2},"end":{"line":40,"column":null}},"28":{"start":{"line":38,"column":4},"end":{"line":38,"column":null}},"29":{"start":{"line":39,"column":4},"end":{"line":39,"column":null}},"30":{"start":{"line":42,"column":2},"end":{"line":42,"column":null}}},"fnMap":{"0":{"name":"formatEta","decl":{"start":{"line":1,"column":16},"end":{"line":1,"column":26}},"loc":{"start":{"line":1,"column":70},"end":{"line":13,"column":null}},"line":1},"1":{"name":"formatSpeed","decl":{"start":{"line":15,"column":16},"end":{"line":15,"column":28}},"loc":{"start":{"line":15,"column":57},"end":{"line":28,"column":null}},"line":15},"2":{"name":"formatBytes","decl":{"start":{"line":30,"column":16},"end":{"line":30,"column":28}},"loc":{"start":{"line":30,"column":70},"end":{"line":43,"column":null}},"line":30}},"branchMap":{"0":{"loc":{"start":{"line":2,"column":2},"end":{"line":2,"column":null}},"type":"if","locations":[{"start":{"line":2,"column":2},"end":{"line":2,"column":null}},{"start":{},"end":{}}],"line":2},"1":{"loc":{"start":{"line":2,"column":6},"end":{"line":2,"column":65}},"type":"binary-expr","locations":[{"start":{"line":2,"column":6},"end":{"line":2,"column":26}},{"start":{"line":2,"column":26},"end":{"line":2,"column":51}},{"start":{"line":2,"column":51},"end":{"line":2,"column":65}}],"line":2},"2":{"loc":{"start":{"line":9,"column":2},"end":{"line":9,"column":null}},"type":"if","locations":[{"start":{"line":9,"column":2},"end":{"line":9,"column":null}},{"start":{},"end":{}}],"line":9},"3":{"loc":{"start":{"line":10,"column":2},"end":{"line":10,"column":null}},"type":"if","locations":[{"start":{"line":10,"column":2},"end":{"line":10,"column":null}},{"start":{},"end":{}}],"line":10},"4":{"loc":{"start":{"line":11,"column":2},"end":{"line":11,"column":null}},"type":"if","locations":[{"start":{"line":11,"column":2},"end":{"line":11,"column":null}},{"start":{},"end":{}}],"line":11},"5":{"loc":{"start":{"line":16,"column":2},"end":{"line":16,"column":null}},"type":"if","locations":[{"start":{"line":16,"column":2},"end":{"line":16,"column":null}},{"start":{},"end":{}}],"line":16},"6":{"loc":{"start":{"line":22,"column":9},"end":{"line":22,"column":56}},"type":"binary-expr","locations":[{"start":{"line":22,"column":9},"end":{"line":22,"column":26}},{"start":{"line":22,"column":26},"end":{"line":22,"column":56}}],"line":22},"7":{"loc":{"start":{"line":27,"column":26},"end":{"line":27,"column":49}},"type":"cond-expr","locations":[{"start":{"line":27,"column":44},"end":{"line":27,"column":48}},{"start":{"line":27,"column":48},"end":{"line":27,"column":49}}],"line":27},"8":{"loc":{"start":{"line":31,"column":2},"end":{"line":31,"column":null}},"type":"if","locations":[{"start":{"line":31,"column":2},"end":{"line":31,"column":null}},{"start":{},"end":{}}],"line":31},"9":{"loc":{"start":{"line":31,"column":6},"end":{"line":31,"column":59}},"type":"binary-expr","locations":[{"start":{"line":31,"column":6},"end":{"line":31,"column":24}},{"start":{"line":31,"column":24},"end":{"line":31,"column":47}},{"start":{"line":31,"column":47},"end":{"line":31,"column":59}}],"line":31},"10":{"loc":{"start":{"line":37,"column":9},"end":{"line":37,"column":56}},"type":"binary-expr","locations":[{"start":{"line":37,"column":9},"end":{"line":37,"column":26}},{"start":{"line":37,"column":26},"end":{"line":37,"column":56}}],"line":37},"11":{"loc":{"start":{"line":42,"column":26},"end":{"line":42,"column":49}},"type":"cond-expr","locations":[{"start":{"line":42,"column":44},"end":{"line":42,"column":48}},{"start":{"line":42,"column":48},"end":{"line":42,"column":49}}],"line":42}},"s":{"0":8,"1":3,"2":5,"3":5,"4":5,"5":5,"6":5,"7":1,"8":4,"9":4,"10":3,"11":3,"12":2,"13":31,"14":25,"15":6,"16":6,"17":6,"18":6,"19":10,"20":10,"21":6,"22":6,"23":2,"24":4,"25":4,"26":4,"27":4,"28":7,"29":7,"30":4},"f":{"0":8,"1":31,"2":6},"b":{"0":[3,5],"1":[8,7,7],"2":[1,4],"3":[1,3],"4":[1,2],"5":[25,6],"6":[6,10],"7":[1,5],"8":[2,4],"9":[6,5,5],"10":[4,7],"11":[1,3]},"meta":{"lastBranch":12,"lastFunction":3,"lastStatement":31,"seen":{"f:1:16:1:26":0,"b:2:2:2:Infinity:undefined:undefined:undefined:undefined":0,"s:2:2:2:Infinity":0,"b:2:6:2:26:2:26:2:51:2:51:2:65":1,"s:2:65:2:Infinity":1,"s:4:15:4:Infinity":2,"s:5:16:5:Infinity":3,"s:6:18:6:Infinity":4,"s:7:15:7:Infinity":5,"b:9:2:9:Infinity:undefined:undefined:undefined:undefined":2,"s:9:2:9:Infinity":6,"s:9:16:9:Infinity":7,"b:10:2:10:Infinity:undefined:undefined:undefined:undefined":3,"s:10:2:10:Infinity":8,"s:10:17:10:Infinity":9,"b:11:2:11:Infinity:undefined:undefined:undefined:undefined":4,"s:11:2:11:Infinity":10,"s:11:19:11:Infinity":11,"s:12:2:12:Infinity":12,"f:15:16:15:28":1,"b:16:2:16:Infinity:undefined:undefined:undefined:undefined":5,"s:16:2:16:Infinity":13,"s:16:24:16:Infinity":14,"s:18:16:18:Infinity":15,"s:19:14:19:Infinity":16,"s:20:18:20:Infinity":17,"s:22:2:25:Infinity":18,"b:22:9:22:26:22:26:22:56":6,"s:23:4:23:Infinity":19,"s:24:4:24:Infinity":20,"s:27:2:27:Infinity":21,"b:27:44:27:48:27:48:27:49":7,"f:30:16:30:28":2,"b:31:2:31:Infinity:undefined:undefined:undefined:undefined":8,"s:31:2:31:Infinity":22,"b:31:6:31:24:31:24:31:47:31:47:31:59":9,"s:31:59:31:Infinity":23,"s:33:16:33:Infinity":24,"s:34:14:34:Infinity":25,"s:35:18:35:Infinity":26,"s:37:2:40:Infinity":27,"b:37:9:37:26:37:26:37:56":10,"s:38:4:38:Infinity":28,"s:39:4:39:Infinity":29,"s:42:2:42:Infinity":30,"b:42:44:42:48:42:48:42:49":11}}}
,"/home/matvei/projets/vortex/src/lib/utils.ts": {"path":"/home/matvei/projets/vortex/src/lib/utils.ts","statementMap":{"0":{"start":{"line":5,"column":2},"end":{"line":5,"column":null}}},"fnMap":{"0":{"name":"cn","decl":{"start":{"line":4,"column":16},"end":{"line":4,"column":22}},"loc":{"start":{"line":4,"column":44},"end":{"line":6,"column":null}},"line":4}},"branchMap":{},"s":{"0":384},"f":{"0":384},"b":{},"meta":{"lastBranch":0,"lastFunction":1,"lastStatement":1,"seen":{"f:4:16:4:22":0,"s:5:2:5:Infinity":0}}}
,"/home/matvei/projets/vortex/src/stores/downloadStore.ts": {"path":"/home/matvei/projets/vortex/src/stores/downloadStore.ts","statementMap":{"0":{"start":{"line":22,"column":32},"end":{"line":23,"column":null}},"1":{"start":{"line":23,"column":2},"end":{"line":23,"column":null}},"2":{"start":{"line":23,"column":54},"end":{"line":23,"column":80}},"3":{"start":{"line":25,"column":33},"end":{"line":26,"column":null}},"4":{"start":{"line":26,"column":2},"end":{"line":26,"column":null}},"5":{"start":{"line":28,"column":13},"end":{"line":70,"column":null}},"6":{"start":{"line":28,"column":69},"end":{"line":70,"column":2}},"7":{"start":{"line":33,"column":4},"end":{"line":59,"column":null}},"8":{"start":{"line":34,"column":19},"end":{"line":34,"column":null}},"9":{"start":{"line":35,"column":18},"end":{"line":35,"column":null}},"10":{"start":{"line":36,"column":29},"end":{"line":36,"column":null}},"11":{"start":{"line":38,"column":6},"end":{"line":44,"column":null}},"12":{"start":{"line":39,"column":27},"end":{"line":39,"column":null}},"13":{"start":{"line":40,"column":14},"end":{"line":40,"column":null}},"14":{"start":{"line":41,"column":8},"end":{"line":43,"column":null}},"15":{"start":{"line":42,"column":10},"end":{"line":42,"column":null}},"16":{"start":{"line":46,"column":6},"end":{"line":58,"column":null}},"17":{"start":{"line":62,"column":4},"end":{"line":65,"column":null}},"18":{"start":{"line":63,"column":42},"end":{"line":63,"column":null}},"19":{"start":{"line":64,"column":6},"end":{"line":64,"column":null}},"20":{"start":{"line":67,"column":34},"end":{"line":67,"column":null}},"21":{"start":{"line":69,"column":26},"end":{"line":69,"column":null}}},"fnMap":{"0":{"name":"(anonymous_0)","decl":{"start":{"line":22,"column":32},"end":{"line":22,"column":33}},"loc":{"start":{"line":23,"column":2},"end":{"line":23,"column":null}},"line":23},"1":{"name":"(anonymous_1)","decl":{"start":{"line":23,"column":42},"end":{"line":23,"column":43}},"loc":{"start":{"line":23,"column":54},"end":{"line":23,"column":80}},"line":23},"2":{"name":"(anonymous_2)","decl":{"start":{"line":25,"column":33},"end":{"line":25,"column":34}},"loc":{"start":{"line":26,"column":2},"end":{"line":26,"column":null}},"line":26},"3":{"name":"(anonymous_3)","decl":{"start":{"line":28,"column":59},"end":{"line":28,"column":60}},"loc":{"start":{"line":28,"column":69},"end":{"line":70,"column":2}},"line":28},"4":{"name":"(anonymous_4)","decl":{"start":{"line":32,"column":18},"end":{"line":32,"column":19}},"loc":{"start":{"line":33,"column":4},"end":{"line":59,"column":null}},"line":33},"5":{"name":"(anonymous_5)","decl":{"start":{"line":33,"column":8},"end":{"line":33,"column":9}},"loc":{"start":{"line":33,"column":15},"end":{"line":59,"column":5}},"line":33},"6":{"name":"(anonymous_6)","decl":{"start":{"line":61,"column":18},"end":{"line":61,"column":19}},"loc":{"start":{"line":62,"column":4},"end":{"line":65,"column":null}},"line":62},"7":{"name":"(anonymous_7)","decl":{"start":{"line":62,"column":8},"end":{"line":62,"column":9}},"loc":{"start":{"line":62,"column":15},"end":{"line":65,"column":5}},"line":62},"8":{"name":"(anonymous_8)","decl":{"start":{"line":67,"column":22},"end":{"line":67,"column":23}},"loc":{"start":{"line":67,"column":34},"end":{"line":67,"column":null}},"line":67},"9":{"name":"(anonymous_9)","decl":{"start":{"line":69,"column":20},"end":{"line":69,"column":26}},"loc":{"start":{"line":69,"column":26},"end":{"line":69,"column":null}},"line":69}},"branchMap":{"0":{"loc":{"start":{"line":26,"column":2},"end":{"line":26,"column":null}},"type":"binary-expr","locations":[{"start":{"line":26,"column":2},"end":{"line":26,"column":39}},{"start":{"line":26,"column":39},"end":{"line":26,"column":null}}],"line":26},"1":{"loc":{"start":{"line":36,"column":29},"end":{"line":36,"column":null}},"type":"binary-expr","locations":[{"start":{"line":36,"column":29},"end":{"line":36,"column":55}},{"start":{"line":36,"column":55},"end":{"line":36,"column":null}}],"line":36},"2":{"loc":{"start":{"line":38,"column":6},"end":{"line":44,"column":null}},"type":"if","locations":[{"start":{"line":38,"column":6},"end":{"line":44,"column":null}},{"start":{},"end":{}}],"line":38},"3":{"loc":{"start":{"line":38,"column":10},"end":{"line":38,"column":45}},"type":"binary-expr","locations":[{"start":{"line":38,"column":10},"end":{"line":38,"column":18}},{"start":{"line":38,"column":18},"end":{"line":38,"column":45}}],"line":38},"4":{"loc":{"start":{"line":41,"column":8},"end":{"line":43,"column":null}},"type":"if","locations":[{"start":{"line":41,"column":8},"end":{"line":43,"column":null}},{"start":{},"end":{}}],"line":41}},"s":{"0":7,"1":35,"2":2,"3":7,"4":35,"5":7,"6":7,"7":9,"8":9,"9":9,"10":9,"11":9,"12":0,"13":0,"14":0,"15":0,"16":9,"17":2,"18":2,"19":2,"20":3,"21":1},"f":{"0":35,"1":2,"2":35,"3":7,"4":9,"5":9,"6":2,"7":2,"8":3,"9":1},"b":{"0":[35,34],"1":[9,8],"2":[0,9],"3":[9,1],"4":[0,0]},"meta":{"lastBranch":5,"lastFunction":10,"lastStatement":22,"seen":{"s:22:32:23:Infinity":0,"f:22:32:22:33":0,"s:23:2:23:Infinity":1,"f:23:42:23:43":1,"s:23:54:23:80":2,"s:25:33:26:Infinity":3,"f:25:33:25:34":2,"s:26:2:26:Infinity":4,"b:26:2:26:39:26:39:26:Infinity":0,"s:28:13:70:Infinity":5,"f:28:59:28:60":3,"s:28:69:70:2":6,"f:32:18:32:19":4,"s:33:4:59:Infinity":7,"f:33:8:33:9":5,"s:34:19:34:Infinity":8,"s:35:18:35:Infinity":9,"s:36:29:36:Infinity":10,"b:36:29:36:55:36:55:36:Infinity":1,"b:38:6:44:Infinity:undefined:undefined:undefined:undefined":2,"s:38:6:44:Infinity":11,"b:38:10:38:18:38:18:38:45":3,"s:39:27:39:Infinity":12,"s:40:14:40:Infinity":13,"b:41:8:43:Infinity:undefined:undefined:undefined:undefined":4,"s:41:8:43:Infinity":14,"s:42:10:42:Infinity":15,"s:46:6:58:Infinity":16,"f:61:18:61:19":6,"s:62:4:65:Infinity":17,"f:62:8:62:9":7,"s:63:42:63:Infinity":18,"s:64:6:64:Infinity":19,"f:67:22:67:23":8,"s:67:34:67:Infinity":20,"f:69:20:69:26":9,"s:69:26:69:Infinity":21}}}
,"/home/matvei/projets/vortex/src/stores/layout-store.ts": {"path":"/home/matvei/projets/vortex/src/stores/layout-store.ts","statementMap":{"0":{"start":{"line":11,"column":13},"end":{"line":17,"column":null}},"1":{"start":{"line":11,"column":60},"end":{"line":17,"column":2}},"2":{"start":{"line":13,"column":23},"end":{"line":13,"column":null}},"3":{"start":{"line":13,"column":35},"end":{"line":13,"column":77}}},"fnMap":{"0":{"name":"(anonymous_0)","decl":{"start":{"line":11,"column":50},"end":{"line":11,"column":51}},"loc":{"start":{"line":11,"column":60},"end":{"line":17,"column":2}},"line":11},"1":{"name":"(anonymous_1)","decl":{"start":{"line":13,"column":17},"end":{"line":13,"column":23}},"loc":{"start":{"line":13,"column":23},"end":{"line":13,"column":null}},"line":13},"2":{"name":"(anonymous_2)","decl":{"start":{"line":13,"column":27},"end":{"line":13,"column":28}},"loc":{"start":{"line":13,"column":35},"end":{"line":13,"column":77}},"line":13}},"branchMap":{},"s":{"0":2,"1":2,"2":0,"3":0},"f":{"0":2,"1":0,"2":0},"b":{},"meta":{"lastBranch":0,"lastFunction":3,"lastStatement":4,"seen":{"s:11:13:17:Infinity":0,"f:11:50:11:51":0,"s:11:60:17:2":1,"f:13:17:13:23":1,"s:13:23:13:Infinity":2,"f:13:27:13:28":2,"s:13:35:13:77":3}}}
,"/home/matvei/projets/vortex/src/stores/settingsStore.ts": {"path":"/home/matvei/projets/vortex/src/stores/settingsStore.ts","statementMap":{"0":{"start":{"line":29,"column":13},"end":{"line":49,"column":null}},"1":{"start":{"line":29,"column":69},"end":{"line":49,"column":2}},"2":{"start":{"line":33,"column":25},"end":{"line":33,"column":null}},"3":{"start":{"line":34,"column":20},"end":{"line":34,"column":null}},"4":{"start":{"line":36,"column":4},"end":{"line":36,"column":null}},"5":{"start":{"line":37,"column":4},"end":{"line":39,"column":null}},"6":{"start":{"line":37,"column":16},"end":{"line":39,"column":6}},"7":{"start":{"line":40,"column":4},"end":{"line":47,"column":null}},"8":{"start":{"line":41,"column":6},"end":{"line":41,"column":null}},"9":{"start":{"line":43,"column":22},"end":{"line":43,"column":null}},"10":{"start":{"line":44,"column":6},"end":{"line":44,"column":null}},"11":{"start":{"line":46,"column":6},"end":{"line":46,"column":null}}},"fnMap":{"0":{"name":"(anonymous_0)","decl":{"start":{"line":29,"column":59},"end":{"line":29,"column":60}},"loc":{"start":{"line":29,"column":69},"end":{"line":49,"column":2}},"line":29},"1":{"name":"(anonymous_1)","decl":{"start":{"line":33,"column":13},"end":{"line":33,"column":14}},"loc":{"start":{"line":33,"column":25},"end":{"line":33,"column":null}},"line":33},"2":{"name":"(anonymous_2)","decl":{"start":{"line":34,"column":14},"end":{"line":34,"column":20}},"loc":{"start":{"line":34,"column":20},"end":{"line":34,"column":null}},"line":34},"3":{"name":"(anonymous_3)","decl":{"start":{"line":35,"column":16},"end":{"line":35,"column":23}},"loc":{"start":{"line":35,"column":35},"end":{"line":48,"column":null}},"line":35},"4":{"name":"(anonymous_4)","decl":{"start":{"line":37,"column":8},"end":{"line":37,"column":9}},"loc":{"start":{"line":37,"column":16},"end":{"line":39,"column":6}},"line":37}},"branchMap":{"0":{"loc":{"start":{"line":38,"column":14},"end":{"line":38,"column":null}},"type":"cond-expr","locations":[{"start":{"line":38,"column":25},"end":{"line":38,"column":55}},{"start":{"line":38,"column":55},"end":{"line":38,"column":null}}],"line":38},"1":{"loc":{"start":{"line":43,"column":22},"end":{"line":43,"column":null}},"type":"cond-expr","locations":[{"start":{"line":43,"column":45},"end":{"line":43,"column":59}},{"start":{"line":43,"column":59},"end":{"line":43,"column":null}}],"line":43}},"s":{"0":1,"1":1,"2":1,"3":0,"4":7,"5":7,"6":7,"7":7,"8":7,"9":2,"10":2,"11":7},"f":{"0":1,"1":1,"2":0,"3":7,"4":7},"b":{"0":[6,1],"1":[2,0]},"meta":{"lastBranch":2,"lastFunction":5,"lastStatement":12,"seen":{"s:29:13:49:Infinity":0,"f:29:59:29:60":0,"s:29:69:49:2":1,"f:33:13:33:14":1,"s:33:25:33:Infinity":2,"f:34:14:34:20":2,"s:34:20:34:Infinity":3,"f:35:16:35:23":3,"s:36:4:36:Infinity":4,"s:37:4:39:Infinity":5,"f:37:8:37:9":4,"s:37:16:39:6":6,"b:38:25:38:55:38:55:38:Infinity":0,"s:40:4:47:Infinity":7,"s:41:6:41:Infinity":8,"s:43:22:43:Infinity":9,"b:43:45:43:59:43:59:43:Infinity":1,"s:44:6:44:Infinity":10,"s:46:6:46:Infinity":11}}}
,"/home/matvei/projets/vortex/src/stores/uiStore.ts": {"path":"/home/matvei/projets/vortex/src/stores/uiStore.ts","statementMap":{"0":{"start":{"line":16,"column":13},"end":{"line":32,"column":null}},"1":{"start":{"line":16,"column":57},"end":{"line":32,"column":2}},"2":{"start":{"line":21,"column":26},"end":{"line":21,"column":null}},"3":{"start":{"line":22,"column":35},"end":{"line":22,"column":null}},"4":{"start":{"line":24,"column":4},"end":{"line":28,"column":null}},"5":{"start":{"line":24,"column":16},"end":{"line":28,"column":6}},"6":{"start":{"line":26,"column":46},"end":{"line":26,"column":54}},"7":{"start":{"line":29,"column":24},"end":{"line":29,"column":null}},"8":{"start":{"line":30,"column":33},"end":{"line":30,"column":null}},"9":{"start":{"line":31,"column":25},"end":{"line":31,"column":null}},"10":{"start":{"line":31,"column":37},"end":{"line":31,"column":81}}},"fnMap":{"0":{"name":"(anonymous_0)","decl":{"start":{"line":16,"column":47},"end":{"line":16,"column":48}},"loc":{"start":{"line":16,"column":57},"end":{"line":32,"column":2}},"line":16},"1":{"name":"(anonymous_1)","decl":{"start":{"line":21,"column":18},"end":{"line":21,"column":19}},"loc":{"start":{"line":21,"column":26},"end":{"line":21,"column":null}},"line":21},"2":{"name":"(anonymous_2)","decl":{"start":{"line":22,"column":26},"end":{"line":22,"column":27}},"loc":{"start":{"line":22,"column":35},"end":{"line":22,"column":null}},"line":22},"3":{"name":"(anonymous_3)","decl":{"start":{"line":23,"column":27},"end":{"line":23,"column":28}},"loc":{"start":{"line":24,"column":4},"end":{"line":28,"column":null}},"line":24},"4":{"name":"(anonymous_4)","decl":{"start":{"line":24,"column":8},"end":{"line":24,"column":9}},"loc":{"start":{"line":24,"column":16},"end":{"line":28,"column":6}},"line":24},"5":{"name":"(anonymous_5)","decl":{"start":{"line":26,"column":39},"end":{"line":26,"column":40}},"loc":{"start":{"line":26,"column":46},"end":{"line":26,"column":54}},"line":26},"6":{"name":"(anonymous_6)","decl":{"start":{"line":29,"column":18},"end":{"line":29,"column":24}},"loc":{"start":{"line":29,"column":24},"end":{"line":29,"column":null}},"line":29},"7":{"name":"(anonymous_7)","decl":{"start":{"line":30,"column":23},"end":{"line":30,"column":24}},"loc":{"start":{"line":30,"column":33},"end":{"line":30,"column":null}},"line":30},"8":{"name":"(anonymous_8)","decl":{"start":{"line":31,"column":19},"end":{"line":31,"column":25}},"loc":{"start":{"line":31,"column":25},"end":{"line":31,"column":null}},"line":31},"9":{"name":"(anonymous_9)","decl":{"start":{"line":31,"column":29},"end":{"line":31,"column":30}},"loc":{"start":{"line":31,"column":37},"end":{"line":31,"column":81}},"line":31}},"branchMap":{"0":{"loc":{"start":{"line":25,"column":27},"end":{"line":27,"column":null}},"type":"cond-expr","locations":[{"start":{"line":26,"column":10},"end":{"line":26,"column":null}},{"start":{"line":27,"column":10},"end":{"line":27,"column":null}}],"line":25}},"s":{"0":4,"1":4,"2":4,"3":1,"4":0,"5":0,"6":0,"7":2,"8":3,"9":2,"10":2},"f":{"0":4,"1":4,"2":1,"3":0,"4":0,"5":0,"6":2,"7":3,"8":2,"9":2},"b":{"0":[0,0]},"meta":{"lastBranch":1,"lastFunction":10,"lastStatement":11,"seen":{"s:16:13:32:Infinity":0,"f:16:47:16:48":0,"s:16:57:32:2":1,"f:21:18:21:19":1,"s:21:26:21:Infinity":2,"f:22:26:22:27":2,"s:22:35:22:Infinity":3,"f:23:27:23:28":3,"s:24:4:28:Infinity":4,"f:24:8:24:9":4,"s:24:16:28:6":5,"b:26:10:26:Infinity:27:10:27:Infinity":0,"f:26:39:26:40":5,"s:26:46:26:54":6,"f:29:18:29:24":6,"s:29:24:29:Infinity":7,"f:30:23:30:24":7,"s:30:33:30:Infinity":8,"f:31:19:31:25":8,"s:31:25:31:Infinity":9,"f:31:29:31:30":9,"s:31:37:31:81":10}}}
,"/home/matvei/projets/vortex/src/theme/theme-provider.tsx": {"path":"/home/matvei/projets/vortex/src/theme/theme-provider.tsx","statementMap":{"0":{"start":{"line":10,"column":13},"end":{"line":10,"column":null}},"1":{"start":{"line":18,"column":2},"end":{"line":25,"column":null}},"2":{"start":{"line":19,"column":19},"end":{"line":19,"column":null}},"3":{"start":{"line":20,"column":4},"end":{"line":22,"column":null}},"4":{"start":{"line":21,"column":6},"end":{"line":21,"column":null}},"5":{"start":{"line":26,"column":2},"end":{"line":26,"column":null}},"6":{"start":{"line":30,"column":2},"end":{"line":33,"column":null}},"7":{"start":{"line":37,"column":29},"end":{"line":37,"column":null}},"8":{"start":{"line":37,"column":55},"end":{"line":37,"column":84}},"9":{"start":{"line":39,"column":34},"end":{"line":39,"column":null}},"10":{"start":{"line":41,"column":2},"end":{"line":47,"column":null}},"11":{"start":{"line":42,"column":4},"end":{"line":42,"column":null}},"12":{"start":{"line":42,"column":49},"end":{"line":42,"column":null}},"13":{"start":{"line":43,"column":15},"end":{"line":43,"column":null}},"14":{"start":{"line":44,"column":20},"end":{"line":44,"column":null}},"15":{"start":{"line":44,"column":48},"end":{"line":44,"column":null}},"16":{"start":{"line":45,"column":4},"end":{"line":45,"column":null}},"17":{"start":{"line":46,"column":4},"end":{"line":46,"column":null}},"18":{"start":{"line":46,"column":17},"end":{"line":46,"column":null}},"19":{"start":{"line":50,"column":4},"end":{"line":50,"column":null}},"20":{"start":{"line":52,"column":2},"end":{"line":64,"column":null}},"21":{"start":{"line":53,"column":4},"end":{"line":57,"column":null}},"22":{"start":{"line":54,"column":6},"end":{"line":54,"column":null}},"23":{"start":{"line":58,"column":17},"end":{"line":58,"column":null}},"24":{"start":{"line":59,"column":4},"end":{"line":63,"column":null}},"25":{"start":{"line":60,"column":6},"end":{"line":60,"column":null}},"26":{"start":{"line":62,"column":6},"end":{"line":62,"column":null}},"27":{"start":{"line":66,"column":19},"end":{"line":66,"column":null}},"28":{"start":{"line":66,"column":33},"end":{"line":66,"column":null}},"29":{"start":{"line":68,"column":2},"end":{"line":71,"column":null}}},"fnMap":{"0":{"name":"readStoredTheme","decl":{"start":{"line":17,"column":9},"end":{"line":17,"column":25}},"loc":{"start":{"line":17,"column":49},"end":{"line":27,"column":null}},"line":17},"1":{"name":"getSystemDark","decl":{"start":{"line":29,"column":9},"end":{"line":29,"column":34}},"loc":{"start":{"line":29,"column":34},"end":{"line":34,"column":null}},"line":29},"2":{"name":"ThemeProvider","decl":{"start":{"line":36,"column":16},"end":{"line":36,"column":30}},"loc":{"start":{"line":36,"column":87},"end":{"line":73,"column":null}},"line":36},"3":{"name":"(anonymous_3)","decl":{"start":{"line":37,"column":49},"end":{"line":37,"column":55}},"loc":{"start":{"line":37,"column":55},"end":{"line":37,"column":84}},"line":37},"4":{"name":"(anonymous_4)","decl":{"start":{"line":41,"column":12},"end":{"line":41,"column":18}},"loc":{"start":{"line":41,"column":18},"end":{"line":47,"column":5}},"line":41},"5":{"name":"(anonymous_5)","decl":{"start":{"line":44,"column":20},"end":{"line":44,"column":21}},"loc":{"start":{"line":44,"column":48},"end":{"line":44,"column":null}},"line":44},"6":{"name":"(anonymous_6)","decl":{"start":{"line":46,"column":11},"end":{"line":46,"column":17}},"loc":{"start":{"line":46,"column":17},"end":{"line":46,"column":null}},"line":46},"7":{"name":"(anonymous_7)","decl":{"start":{"line":52,"column":12},"end":{"line":52,"column":18}},"loc":{"start":{"line":52,"column":18},"end":{"line":64,"column":5}},"line":52},"8":{"name":"(anonymous_8)","decl":{"start":{"line":66,"column":19},"end":{"line":66,"column":20}},"loc":{"start":{"line":66,"column":33},"end":{"line":66,"column":null}},"line":66}},"branchMap":{"0":{"loc":{"start":{"line":20,"column":4},"end":{"line":22,"column":null}},"type":"if","locations":[{"start":{"line":20,"column":4},"end":{"line":22,"column":null}},{"start":{},"end":{}}],"line":20},"1":{"loc":{"start":{"line":20,"column":8},"end":{"line":20,"column":70}},"type":"binary-expr","locations":[{"start":{"line":20,"column":8},"end":{"line":20,"column":30}},{"start":{"line":20,"column":30},"end":{"line":20,"column":51}},{"start":{"line":20,"column":51},"end":{"line":20,"column":70}}],"line":20},"2":{"loc":{"start":{"line":30,"column":9},"end":{"line":33,"column":null}},"type":"cond-expr","locations":[{"start":{"line":32,"column":6},"end":{"line":32,"column":null}},{"start":{"line":33,"column":6},"end":{"line":33,"column":null}}],"line":30},"3":{"loc":{"start":{"line":30,"column":9},"end":{"line":31,"column":null}},"type":"binary-expr","locations":[{"start":{"line":30,"column":9},"end":{"line":30,"column":null}},{"start":{"line":31,"column":4},"end":{"line":31,"column":null}}],"line":30},"4":{"loc":{"start":{"line":36,"column":42},"end":{"line":36,"column":64}},"type":"default-arg","locations":[{"start":{"line":36,"column":57},"end":{"line":36,"column":64}}],"line":36},"5":{"loc":{"start":{"line":42,"column":4},"end":{"line":42,"column":null}},"type":"if","locations":[{"start":{"line":42,"column":4},"end":{"line":42,"column":null}},{"start":{},"end":{}}],"line":42},"6":{"loc":{"start":{"line":50,"column":4},"end":{"line":50,"column":null}},"type":"cond-expr","locations":[{"start":{"line":50,"column":24},"end":{"line":50,"column":57}},{"start":{"line":50,"column":57},"end":{"line":50,"column":null}}],"line":50},"7":{"loc":{"start":{"line":50,"column":24},"end":{"line":50,"column":57}},"type":"cond-expr","locations":[{"start":{"line":50,"column":37},"end":{"line":50,"column":46}},{"start":{"line":50,"column":46},"end":{"line":50,"column":57}}],"line":50},"8":{"loc":{"start":{"line":59,"column":4},"end":{"line":63,"column":null}},"type":"if","locations":[{"start":{"line":59,"column":4},"end":{"line":63,"column":null}},{"start":{"line":61,"column":11},"end":{"line":63,"column":null}}],"line":59}},"s":{"0":1,"1":5,"2":5,"3":5,"4":1,"5":4,"6":5,"7":9,"8":5,"9":9,"10":9,"11":5,"12":0,"13":5,"14":5,"15":0,"16":5,"17":5,"18":5,"19":9,"20":9,"21":9,"22":9,"23":9,"24":9,"25":4,"26":5,"27":9,"28":4,"29":9},"f":{"0":5,"1":5,"2":9,"3":5,"4":5,"5":0,"6":5,"7":9,"8":4},"b":{"0":[1,4],"1":[5,5,4],"2":[5,0],"3":[5,5],"4":[9],"5":[0,5],"6":[4,5],"7":[0,4],"8":[4,5]},"meta":{"lastBranch":9,"lastFunction":9,"lastStatement":30,"seen":{"s:10:13:10:Infinity":0,"f:17:9:17:25":0,"s:18:2:25:Infinity":1,"s:19:19:19:Infinity":2,"b:20:4:22:Infinity:undefined:undefined:undefined:undefined":0,"s:20:4:22:Infinity":3,"b:20:8:20:30:20:30:20:51:20:51:20:70":1,"s:21:6:21:Infinity":4,"s:26:2:26:Infinity":5,"f:29:9:29:34":1,"s:30:2:33:Infinity":6,"b:32:6:32:Infinity:33:6:33:Infinity":2,"b:30:9:30:Infinity:31:4:31:Infinity":3,"f:36:16:36:30":2,"b:36:57:36:64":4,"s:37:29:37:Infinity":7,"f:37:49:37:55":3,"s:37:55:37:84":8,"s:39:34:39:Infinity":9,"s:41:2:47:Infinity":10,"f:41:12:41:18":4,"b:42:4:42:Infinity:undefined:undefined:undefined:undefined":5,"s:42:4:42:Infinity":11,"s:42:49:42:Infinity":12,"s:43:15:43:Infinity":13,"s:44:20:44:Infinity":14,"f:44:20:44:21":5,"s:44:48:44:Infinity":15,"s:45:4:45:Infinity":16,"s:46:4:46:Infinity":17,"f:46:11:46:17":6,"s:46:17:46:Infinity":18,"s:50:4:50:Infinity":19,"b:50:24:50:57:50:57:50:Infinity":6,"b:50:37:50:46:50:46:50:57":7,"s:52:2:64:Infinity":20,"f:52:12:52:18":7,"s:53:4:57:Infinity":21,"s:54:6:54:Infinity":22,"s:58:17:58:Infinity":23,"b:59:4:63:Infinity:61:11:63:Infinity":8,"s:59:4:63:Infinity":24,"s:60:6:60:Infinity":25,"s:62:6:62:Infinity":26,"s:66:19:66:Infinity":27,"f:66:19:66:20":8,"s:66:33:66:Infinity":28,"s:68:2:71:Infinity":29}}}
,"/home/matvei/projets/vortex/src/theme/useTheme.ts": {"path":"/home/matvei/projets/vortex/src/theme/useTheme.ts","statementMap":{"0":{"start":{"line":5,"column":8},"end":{"line":5,"column":null}},"1":{"start":{"line":6,"column":2},"end":{"line":8,"column":null}},"2":{"start":{"line":7,"column":4},"end":{"line":7,"column":null}},"3":{"start":{"line":9,"column":2},"end":{"line":9,"column":null}}},"fnMap":{"0":{"name":"useTheme","decl":{"start":{"line":4,"column":16},"end":{"line":4,"column":27}},"loc":{"start":{"line":4,"column":27},"end":{"line":10,"column":null}},"line":4}},"branchMap":{"0":{"loc":{"start":{"line":6,"column":2},"end":{"line":8,"column":null}},"type":"if","locations":[{"start":{"line":6,"column":2},"end":{"line":8,"column":null}},{"start":{},"end":{}}],"line":6}},"s":{"0":12,"1":12,"2":2,"3":9},"f":{"0":12},"b":{"0":[2,10]},"meta":{"lastBranch":1,"lastFunction":1,"lastStatement":4,"seen":{"f:4:16:4:27":0,"s:5:8:5:Infinity":0,"b:6:2:8:Infinity:undefined:undefined:undefined:undefined":0,"s:6:2:8:Infinity":1,"s:7:4:7:Infinity":2,"s:9:2:9:Infinity":3}}}
,"/home/matvei/projets/vortex/src/types/layout.ts": {"path":"/home/matvei/projets/vortex/src/types/layout.ts","statementMap":{"0":{"start":{"line":24,"column":37},"end":{"line":35,"column":null}}},"fnMap":{},"branchMap":{},"s":{"0":3},"f":{},"b":{},"meta":{"lastBranch":0,"lastFunction":0,"lastStatement":1,"seen":{"s:24:37:35:Infinity":0}}}
,"/home/matvei/projets/vortex/src/views/DownloadsView/ActionsBar.tsx": {"path":"/home/matvei/projets/vortex/src/views/DownloadsView/ActionsBar.tsx","statementMap":{"0":{"start":{"line":7,"column":46},"end":{"line":7,"column":null}},"1":{"start":{"line":10,"column":8},"end":{"line":10,"column":null}},"2":{"start":{"line":10,"column":48},"end":{"line":10,"column":69}},"3":{"start":{"line":11,"column":8},"end":{"line":11,"column":null}},"4":{"start":{"line":11,"column":43},"end":{"line":11,"column":59}},"5":{"start":{"line":13,"column":8},"end":{"line":15,"column":null}},"6":{"start":{"line":17,"column":8},"end":{"line":19,"column":null}},"7":{"start":{"line":21,"column":8},"end":{"line":23,"column":null}},"8":{"start":{"line":25,"column":31},"end":{"line":30,"column":null}},"9":{"start":{"line":26,"column":4},"end":{"line":28,"column":null}},"10":{"start":{"line":27,"column":6},"end":{"line":27,"column":null}},"11":{"start":{"line":29,"column":4},"end":{"line":29,"column":null}},"12":{"start":{"line":32,"column":23},"end":{"line":32,"column":null}},"13":{"start":{"line":34,"column":2},"end":{"line":61,"column":null}},"14":{"start":{"line":51,"column":59},"end":{"line":51,"column":null}},"15":{"start":{"line":55,"column":59},"end":{"line":55,"column":null}}},"fnMap":{"0":{"name":"ActionsBar","decl":{"start":{"line":9,"column":16},"end":{"line":9,"column":29}},"loc":{"start":{"line":9,"column":29},"end":{"line":63,"column":null}},"line":9},"1":{"name":"(anonymous_1)","decl":{"start":{"line":10,"column":41},"end":{"line":10,"column":42}},"loc":{"start":{"line":10,"column":48},"end":{"line":10,"column":69}},"line":10},"2":{"name":"(anonymous_2)","decl":{"start":{"line":11,"column":36},"end":{"line":11,"column":37}},"loc":{"start":{"line":11,"column":43},"end":{"line":11,"column":59}},"line":11},"3":{"name":"(anonymous_3)","decl":{"start":{"line":25,"column":31},"end":{"line":25,"column":37}},"loc":{"start":{"line":25,"column":37},"end":{"line":30,"column":null}},"line":25},"4":{"name":"(anonymous_4)","decl":{"start":{"line":51,"column":53},"end":{"line":51,"column":59}},"loc":{"start":{"line":51,"column":59},"end":{"line":51,"column":null}},"line":51},"5":{"name":"(anonymous_5)","decl":{"start":{"line":55,"column":53},"end":{"line":55,"column":59}},"loc":{"start":{"line":55,"column":59},"end":{"line":55,"column":null}},"line":55}},"branchMap":{"0":{"loc":{"start":{"line":35,"column":60},"end":{"line":35,"column":114}},"type":"cond-expr","locations":[{"start":{"line":35,"column":75},"end":{"line":35,"column":112}},{"start":{"line":35,"column":112},"end":{"line":35,"column":114}}],"line":35},"1":{"loc":{"start":{"line":36,"column":7},"end":{"line":59,"column":null}},"type":"cond-expr","locations":[{"start":{"line":37,"column":8},"end":{"line":48,"column":null}},{"start":{"line":50,"column":8},"end":{"line":59,"column":null}}],"line":36}},"s":{"0":2,"1":7,"2":22,"3":7,"4":22,"5":7,"6":7,"7":7,"8":7,"9":0,"10":0,"11":0,"12":7,"13":7,"14":0,"15":0},"f":{"0":7,"1":22,"2":22,"3":0,"4":0,"5":0},"b":{"0":[2,5],"1":[2,5]},"meta":{"lastBranch":2,"lastFunction":6,"lastStatement":16,"seen":{"s:7:46:7:Infinity":0,"f:9:16:9:29":0,"s:10:8:10:Infinity":1,"f:10:41:10:42":1,"s:10:48:10:69":2,"s:11:8:11:Infinity":3,"f:11:36:11:37":2,"s:11:43:11:59":4,"s:13:8:15:Infinity":5,"s:17:8:19:Infinity":6,"s:21:8:23:Infinity":7,"s:25:31:30:Infinity":8,"f:25:31:25:37":3,"s:26:4:28:Infinity":9,"s:27:6:27:Infinity":10,"s:29:4:29:Infinity":11,"s:32:23:32:Infinity":12,"s:34:2:61:Infinity":13,"b:35:75:35:112:35:112:35:114":0,"b:37:8:48:Infinity:50:8:59:Infinity":1,"f:51:53:51:59":4,"s:51:59:51:Infinity":14,"f:55:53:55:59":5,"s:55:59:55:Infinity":15}}}
,"/home/matvei/projets/vortex/src/views/DownloadsView/DownloadsTable.tsx": {"path":"/home/matvei/projets/vortex/src/views/DownloadsView/DownloadsTable.tsx","statementMap":{"0":{"start":{"line":54,"column":69},"end":{"line":60,"column":null}},"1":{"start":{"line":63,"column":14},"end":{"line":63,"column":null}},"2":{"start":{"line":64,"column":2},"end":{"line":64,"column":null}},"3":{"start":{"line":64,"column":49},"end":{"line":64,"column":null}},"4":{"start":{"line":65,"column":2},"end":{"line":65,"column":null}},"5":{"start":{"line":69,"column":2},"end":{"line":73,"column":null}},"6":{"start":{"line":70,"column":4},"end":{"line":70,"column":null}},"7":{"start":{"line":72,"column":4},"end":{"line":72,"column":null}},"8":{"start":{"line":81,"column":8},"end":{"line":84,"column":null}},"9":{"start":{"line":85,"column":8},"end":{"line":88,"column":null}},"10":{"start":{"line":89,"column":8},"end":{"line":92,"column":null}},"11":{"start":{"line":93,"column":8},"end":{"line":96,"column":null}},"12":{"start":{"line":97,"column":8},"end":{"line":100,"column":null}},"13":{"start":{"line":102,"column":2},"end":{"line":191,"column":null}},"14":{"start":{"line":110,"column":12},"end":{"line":110,"column":null}},"15":{"start":{"line":111,"column":12},"end":{"line":111,"column":null}},"16":{"start":{"line":123,"column":12},"end":{"line":123,"column":null}},"17":{"start":{"line":124,"column":12},"end":{"line":124,"column":null}},"18":{"start":{"line":136,"column":12},"end":{"line":136,"column":null}},"19":{"start":{"line":137,"column":12},"end":{"line":137,"column":null}},"20":{"start":{"line":149,"column":28},"end":{"line":149,"column":null}},"21":{"start":{"line":163,"column":16},"end":{"line":174,"column":null}},"22":{"start":{"line":166,"column":20},"end":{"line":166,"column":null}},"23":{"start":{"line":167,"column":20},"end":{"line":170,"column":null}},"24":{"start":{"line":182,"column":14},"end":{"line":182,"column":null}},"25":{"start":{"line":183,"column":14},"end":{"line":183,"column":null}},"26":{"start":{"line":195,"column":43},"end":{"line":276,"column":null}},"27":{"start":{"line":199,"column":6},"end":{"line":203,"column":null}},"28":{"start":{"line":201,"column":38},"end":{"line":201,"column":null}},"29":{"start":{"line":206,"column":6},"end":{"line":211,"column":null}},"30":{"start":{"line":208,"column":38},"end":{"line":208,"column":null}},"31":{"start":{"line":209,"column":24},"end":{"line":209,"column":null}},"32":{"start":{"line":218,"column":23},"end":{"line":218,"column":null}},"33":{"start":{"line":224,"column":6},"end":{"line":233,"column":null}},"34":{"start":{"line":240,"column":18},"end":{"line":240,"column":null}},"35":{"start":{"line":241,"column":6},"end":{"line":241,"column":null}},"36":{"start":{"line":248,"column":6},"end":{"line":250,"column":null}},"37":{"start":{"line":256,"column":23},"end":{"line":256,"column":null}},"38":{"start":{"line":261,"column":23},"end":{"line":261,"column":null}},"39":{"start":{"line":267,"column":23},"end":{"line":267,"column":null}},"40":{"start":{"line":273,"column":23},"end":{"line":273,"column":null}},"41":{"start":{"line":284,"column":28},"end":{"line":284,"column":null}},"42":{"start":{"line":285,"column":8},"end":{"line":285,"column":null}},"43":{"start":{"line":287,"column":8},"end":{"line":287,"column":null}},"44":{"start":{"line":287,"column":48},"end":{"line":287,"column":69}},"45":{"start":{"line":288,"column":8},"end":{"line":288,"column":null}},"46":{"start":{"line":288,"column":43},"end":{"line":288,"column":59}},"47":{"start":{"line":289,"column":8},"end":{"line":289,"column":null}},"48":{"start":{"line":289,"column":51},"end":{"line":289,"column":75}},"49":{"start":{"line":290,"column":8},"end":{"line":292,"column":null}},"50":{"start":{"line":291,"column":11},"end":{"line":291,"column":null}},"51":{"start":{"line":293,"column":8},"end":{"line":293,"column":null}},"52":{"start":{"line":293,"column":43},"end":{"line":293,"column":59}},"53":{"start":{"line":295,"column":8},"end":{"line":316,"column":null}},"54":{"start":{"line":296,"column":17},"end":{"line":296,"column":null}},"55":{"start":{"line":298,"column":26},"end":{"line":298,"column":null}},"56":{"start":{"line":299,"column":4},"end":{"line":303,"column":null}},"57":{"start":{"line":300,"column":6},"end":{"line":302,"column":null}},"58":{"start":{"line":301,"column":8},"end":{"line":301,"column":null}},"59":{"start":{"line":305,"column":4},"end":{"line":313,"column":null}},"60":{"start":{"line":306,"column":20},"end":{"line":306,"column":null}},"61":{"start":{"line":307,"column":6},"end":{"line":312,"column":null}},"62":{"start":{"line":309,"column":10},"end":{"line":311,"column":null}},"63":{"start":{"line":315,"column":4},"end":{"line":315,"column":null}},"64":{"start":{"line":318,"column":8},"end":{"line":326,"column":null}},"65":{"start":{"line":319,"column":41},"end":{"line":319,"column":null}},"66":{"start":{"line":320,"column":4},"end":{"line":324,"column":null}},"67":{"start":{"line":321,"column":6},"end":{"line":323,"column":null}},"68":{"start":{"line":322,"column":8},"end":{"line":322,"column":null}},"69":{"start":{"line":325,"column":4},"end":{"line":325,"column":null}},"70":{"start":{"line":328,"column":8},"end":{"line":342,"column":null}},"71":{"start":{"line":332,"column":23},"end":{"line":332,"column":null}},"72":{"start":{"line":336,"column":8},"end":{"line":336,"column":null}},"73":{"start":{"line":337,"column":6},"end":{"line":337,"column":null}},"74":{"start":{"line":337,"column":61},"end":{"line":337,"column":68}},"75":{"start":{"line":344,"column":19},"end":{"line":344,"column":null}},"76":{"start":{"line":346,"column":8},"end":{"line":351,"column":null}},"77":{"start":{"line":348,"column":28},"end":{"line":348,"column":null}},"78":{"start":{"line":349,"column":24},"end":{"line":349,"column":null}},"79":{"start":{"line":353,"column":8},"end":{"line":364,"column":null}},"80":{"start":{"line":355,"column":6},"end":{"line":361,"column":null}},"81":{"start":{"line":356,"column":8},"end":{"line":356,"column":null}},"82":{"start":{"line":358,"column":8},"end":{"line":358,"column":null}},"83":{"start":{"line":359,"column":8},"end":{"line":359,"column":null}},"84":{"start":{"line":360,"column":8},"end":{"line":360,"column":null}},"85":{"start":{"line":366,"column":2},"end":{"line":372,"column":null}},"86":{"start":{"line":367,"column":4},"end":{"line":370,"column":null}},"87":{"start":{"line":374,"column":2},"end":{"line":380,"column":null}},"88":{"start":{"line":375,"column":4},"end":{"line":378,"column":null}},"89":{"start":{"line":382,"column":22},"end":{"line":382,"column":null}},"90":{"start":{"line":383,"column":20},"end":{"line":383,"column":null}},"91":{"start":{"line":385,"column":2},"end":{"line":465,"column":null}},"92":{"start":{"line":390,"column":12},"end":{"line":417,"column":null}},"93":{"start":{"line":392,"column":16},"end":{"line":415,"column":null}},"94":{"start":{"line":430,"column":24},"end":{"line":430,"column":null}},"95":{"start":{"line":431,"column":31},"end":{"line":431,"column":null}},"96":{"start":{"line":433,"column":12},"end":{"line":448,"column":null}},"97":{"start":{"line":437,"column":31},"end":{"line":437,"column":null}},"98":{"start":{"line":441,"column":32},"end":{"line":441,"column":null}},"99":{"start":{"line":444,"column":18},"end":{"line":446,"column":null}}},"fnMap":{"0":{"name":"extractExtension","decl":{"start":{"line":62,"column":9},"end":{"line":62,"column":26}},"loc":{"start":{"line":62,"column":52},"end":{"line":66,"column":null}},"line":62},"1":{"name":"extractHostname","decl":{"start":{"line":68,"column":9},"end":{"line":68,"column":25}},"loc":{"start":{"line":68,"column":46},"end":{"line":74,"column":null}},"line":68},"2":{"name":"ActionCell","decl":{"start":{"line":80,"column":9},"end":{"line":80,"column":20}},"loc":{"start":{"line":80,"column":51},"end":{"line":193,"column":null}},"line":80},"3":{"name":"(anonymous_3)","decl":{"start":{"line":109,"column":19},"end":{"line":109,"column":20}},"loc":{"start":{"line":109,"column":26},"end":{"line":112,"column":null}},"line":109},"4":{"name":"(anonymous_4)","decl":{"start":{"line":122,"column":19},"end":{"line":122,"column":20}},"loc":{"start":{"line":122,"column":26},"end":{"line":125,"colu
[...]
":421},"20":{"loc":{"start":{"line":439,"column":18},"end":{"line":439,"column":null}},"type":"cond-expr","locations":[{"start":{"line":439,"column":31},"end":{"line":439,"column":48}},{"start":{"line":439,"column":48},"end":{"line":439,"column":null}}],"line":439},"21":{"loc":{"start":{"line":451,"column":11},"end":{"line":461,"column":null}},"type":"binary-expr","locations":[{"start":{"line":451,"column":11},"end":{"line":451,"column":null}},{"start":{"line":452,"column":12},"end":{"line":461,"column":null}}],"line":451}},"s":{"0":2,"1":22,"2":22,"3":0,"4":22,"5":26,"6":26,"7":0,"8":22,"9":22,"10":22,"11":22,"12":22,"13":22,"14":0,"15":0,"16":0,"17":0,"18":0,"19":0,"20":0,"21":66,"22":0,"23":0,"24":0,"25":0,"26":2,"27":10,"28":0,"29":22,"30":0,"31":0,"32":22,"33":22,"34":22,"35":22,"36":22,"37":22,"38":22,"39":22,"40":22,"41":15,"42":15,"43":15,"44":48,"45":15,"46":48,"47":15,"48":48,"49":15,"50":48,"51":15,"52":48,"53":15,"54":14,"55":14,"56":14,"57":2,"58":6,"59":14,"60":2,"61":2,"62":6,"63":14,"64":15,"65":15,"66":15,"67":25,"68":1,"69":15,"70":15,"71":22,"72":0,"73":0,"74":0,"75":15,"76":15,"77":3,"78":0,"79":15,"80":1,"81":0,"82":1,"83":1,"84":1,"85":15,"86":4,"87":11,"88":1,"89":10,"90":10,"91":10,"92":10,"93":90,"94":22,"95":22,"96":22,"97":44,"98":1,"99":198},"f":{"0":22,"1":26,"2":22,"3":0,"4":0,"5":0,"6":0,"7":66,"8":0,"9":0,"10":10,"11":0,"12":22,"13":0,"14":0,"15":22,"16":22,"17":22,"18":22,"19":22,"20":22,"21":22,"22":22,"23":15,"24":48,"25":48,"26":48,"27":48,"28":48,"29":14,"30":6,"31":6,"32":15,"33":22,"34":0,"35":0,"36":3,"37":0,"38":1,"39":10,"40":90,"41":22,"42":44,"43":1,"44":198},"b":{"0":[0,22],"1":[22,22],"2":[22,15,7],"3":[22,0],"4":[22,16,6],"5":[22,0],"6":[2,12],"7":[2,12],"8":[6,5,4],"9":[1,24],"10":[0,0],"11":[0,1],"12":[1,1],"13":[4,11],"14":[1,10],"15":[30,60],"16":[0,90],"17":[90,0],"18":[90,0],"19":[10,10],"20":[1,21],"21":[15,10]},"meta":{"lastBranch":22,"lastFunction":45,"lastStatement":100,"seen":{"s:54:69:60:Infinity":0,"f:62:9:62:26":0,"s:63:14:63:Infinity":1,"b:64:2:64:Infinity:undefined:undefined:undefined:undefined":0,"s:64:2:64:Infinity":2,"b:64:6:64:20:64:20:64:49":1,"s:64:49:64:Infinity":3,"s:65:2:65:Infinity":4,"f:68:9:68:25":1,"s:69:2:73:Infinity":5,"s:70:4:70:Infinity":6,"s:72:4:72:Infinity":7,"f:80:9:80:20":2,"s:81:8:84:Infinity":8,"s:85:8:88:Infinity":9,"s:89:8:92:Infinity":10,"s:93:8:96:Infinity":11,"s:97:8:100:Infinity":12,"s:102:2:191:Infinity":13,"b:104:8:104:44:104:44:104:Infinity:105:8:115:Infinity":2,"f:109:19:109:20":3,"s:110:12:110:Infinity":14,"s:111:12:111:Infinity":15,"b:117:7:117:Infinity:118:8:128:Infinity":3,"f:122:19:122:20":4,"s:123:12:123:Infinity":16,"s:124:12:124:Infinity":17,"b:130:8:130:38:130:38:130:Infinity:131:8:141:Infinity":4,"f:135:19:135:20":5,"s:136:12:136:Infinity":18,"s:137:12:137:Infinity":19,"f:149:21:149:22":6,"s:149:28:149:Infinity":20,"f:162:20:162:21":7,"s:163:16:174:Infinity":21,"f:165:27:165:28":8,"s:166:20:166:Infinity":22,"s:167:20:170:Infinity":23,"f:181:21:181:22":9,"s:182:14:182:Infinity":24,"s:183:14:183:Infinity":25,"s:195:43:276:Infinity":26,"f:198:12:198:13":10,"s:199:6:203:Infinity":27,"f:201:25:201:26":11,"s:201:38:201:Infinity":28,"f:205:10:205:11":12,"s:206:6:211:Infinity":29,"f:208:25:208:26":13,"s:208:38:208:Infinity":30,"f:209:17:209:18":14,"s:209:24:209:Infinity":31,"f:218:10:218:11":15,"s:218:23:218:Infinity":32,"f:223:10:223:11":16,"s:224:6:233:Infinity":33,"f:239:10:239:11":17,"s:240:18:240:Infinity":34,"s:241:6:241:Infinity":35,"b:241:19:241:60:241:60:241:Infinity":5,"f:247:10:247:11":18,"s:248:6:250:Infinity":36,"f:256:10:256:11":19,"s:256:23:256:Infinity":37,"f:261:10:261:11":20,"s:261:23:261:Infinity":38,"f:267:10:267:11":21,"s:267:23:267:Infinity":39,"f:273:10:273:11":22,"s:273:23:273:Infinity":40,"f:278:16:278:31":23,"s:284:28:284:Infinity":41,"s:285:8:285:Infinity":42,"s:287:8:287:Infinity":43,"f:287:41:287:42":24,"s:287:48:287:69":44,"s:288:8:288:Infinity":45,"f:288:36:288:37":25,"s:288:43:288:59":46,"s:289:8:289:Infinity":47,"f:289:44:289:45":26,"s:289:51:289:75":48,"s:290:8:292:Infinity":49,"f:291:4:291:5":27,"s:291:11:291:Infinity":50,"s:293:8:293:Infinity":51,"f:293:36:293:37":28,"s:293:43:293:59":52,"s:295:8:316:Infinity":53,"f:295:36:295:42":29,"s:296:17:296:Infinity":54,"s:298:26:298:Infinity":55,"b:299:4:303:Infinity:undefined:undefined:undefined:undefined":6,"s:299:4:303:Infinity":56,"s:300:6:302:Infinity":57,"f:300:29:300:30":30,"s:301:8:301:Infinity":58,"b:305:4:313:Infinity:undefined:undefined:undefined:undefined":7,"s:305:4:313:Infinity":59,"s:306:20:306:Infinity":60,"s:307:6:312:Infinity":61,"f:308:8:308:9":31,"s:309:10:311:Infinity":62,"b:309:10:309:Infinity:310:10:310:Infinity:311:10:311:Infinity":8,"s:315:4:315:Infinity":63,"s:318:8:326:Infinity":64,"f:318:31:318:37":32,"s:319:41:319:Infinity":65,"s:320:4:324:Infinity":66,"b:321:6:323:Infinity:undefined:undefined:undefined:undefined":9,"s:321:6:323:Infinity":67,"s:322:8:322:Infinity":68,"s:325:4:325:Infinity":69,"s:328:8:342:Infinity":70,"f:332:14:332:15":33,"s:332:23:332:Infinity":71,"f:334:26:334:27":34,"s:336:8:336:Infinity":72,"b:336:40:336:64:336:64:336:Infinity":10,"s:337:6:337:Infinity":73,"f:337:54:337:55":35,"s:337:61:337:68":74,"s:344:19:344:Infinity":75,"s:346:8:351:Infinity":76,"f:348:22:348:28":36,"s:348:28:348:Infinity":77,"f:349:18:349:24":37,"s:349:24:349:Infinity":78,"s:353:8:364:Infinity":79,"f:354:4:354:5":38,"b:355:6:361:Infinity:357:13:361:Infinity":11,"s:355:6:361:Infinity":80,"b:355:10:355:23:355:23:355:34":12,"s:356:8:356:Infinity":81,"s:358:8:358:Infinity":82,"s:359:8:359:Infinity":83,"s:360:8:360:Infinity":84,"b:366:2:372:Infinity:undefined:undefined:undefined:undefined":13,"s:366:2:372:Infinity":85,"s:367:4:370:Infinity":86,"b:374:2:380:Infinity:undefined:undefined:undefined:undefined":14,"s:374:2:380:Infinity":87,"s:375:4:378:Infinity":88,"s:382:22:382:Infinity":89,"s:383:20:383:Infinity":90,"s:385:2:465:Infinity":91,"f:389:39:389:40":39,"s:390:12:417:Infinity":92,"f:391:39:391:40":40,"s:392:16:415:Infinity":93,"b:397:24:397:Infinity:398:24:398:Infinity":15,"b:403:24:403:Infinity:403:24:407:Infinity":16,"b:408:21:408:Infinity:409:22:409:Infinity":17,"b:411:21:411:Infinity:412:22:412:Infinity":18,"b:421:11:421:Infinity:422:12:427:Infinity":19,"f:429:27:429:28":41,"s:430:24:430:Infinity":94,"s:431:31:431:Infinity":95,"s:433:12:448:Infinity":96,"f:437:21:437:22":42,"s:437:31:437:Infinity":97,"b:439:31:439:48:439:48:439:Infinity":20,"f:441:25:441:26":43,"s:441:32:441:Infinity":98,"f:443:43:443:44":44,"s:444:18:446:Infinity":99,"b:451:11:451:Infinity:452:12:461:Infinity":21}}}
,"/home/matvei/projets/vortex/src/views/DownloadsView/DownloadsView.tsx": {"path":"/home/matvei/projets/vortex/src/views/DownloadsView/DownloadsView.tsx","statementMap":{"0":{"start":{"line":13,"column":26},"end":{"line":13,"column":null}},"1":{"start":{"line":14,"column":36},"end":{"line":14,"column":null}},"2":{"start":{"line":16,"column":2},"end":{"line":16,"column":null}},"3":{"start":{"line":18,"column":37},"end":{"line":22,"column":null}},"4":{"start":{"line":24,"column":29},"end":{"line":28,"column":null}},"5":{"start":{"line":30,"column":2},"end":{"line":45,"column":null}}},"fnMap":{"0":{"name":"DownloadsView","decl":{"start":{"line":12,"column":16},"end":{"line":12,"column":32}},"loc":{"start":{"line":12,"column":32},"end":{"line":47,"column":null}},"line":12}},"branchMap":{"0":{"loc":{"start":{"line":40,"column":19},"end":{"line":40,"column":null}},"type":"binary-expr","locations":[{"start":{"line":40,"column":19},"end":{"line":40,"column":32}},{"start":{"line":40,"column":32},"end":{"line":40,"column":null}}],"line":40}},"s":{"0":3,"1":3,"2":3,"3":3,"4":3,"5":3},"f":{"0":3},"b":{"0":[3,3]},"meta":{"lastBranch":1,"lastFunction":1,"lastStatement":6,"seen":{"f:12:16:12:32":0,"s:13:26:13:Infinity":0,"s:14:36:14:Infinity":1,"s:16:2:16:Infinity":2,"s:18:37:22:Infinity":3,"s:24:29:28:Infinity":4,"s:30:2:45:Infinity":5,"b:40:19:40:32:40:32:40:Infinity":0}}}
,"/home/matvei/projets/vortex/src/views/DownloadsView/EtaCell.tsx": {"path":"/home/matvei/projets/vortex/src/views/DownloadsView/EtaCell.tsx","statementMap":{"0":{"start":{"line":9,"column":8},"end":{"line":9,"column":null}},"1":{"start":{"line":9,"column":43},"end":{"line":9,"column":68}},"2":{"start":{"line":11,"column":27},"end":{"line":11,"column":null}},"3":{"start":{"line":12,"column":2},"end":{"line":14,"column":null}},"4":{"start":{"line":13,"column":4},"end":{"line":13,"column":null}},"5":{"start":{"line":16,"column":2},"end":{"line":19,"column":null}}},"fnMap":{"0":{"name":"EtaCell","decl":{"start":{"line":8,"column":16},"end":{"line":8,"column":24}},"loc":{"start":{"line":8,"column":54},"end":{"line":21,"column":null}},"line":8},"1":{"name":"(anonymous_1)","decl":{"start":{"line":9,"column":36},"end":{"line":9,"column":37}},"loc":{"start":{"line":9,"column":43},"end":{"line":9,"column":68}},"line":9}},"branchMap":{"0":{"loc":{"start":{"line":12,"column":2},"end":{"line":14,"column":null}},"type":"if","locations":[{"start":{"line":12,"column":2},"end":{"line":14,"column":null}},{"start":{},"end":{}}],"line":12},"1":{"loc":{"start":{"line":12,"column":6},"end":{"line":12,"column":49}},"type":"binary-expr","locations":[{"start":{"line":12,"column":6},"end":{"line":12,"column":18}},{"start":{"line":12,"column":18},"end":{"line":12,"column":49}}],"line":12},"2":{"loc":{"start":{"line":18,"column":7},"end":{"line":18,"column":null}},"type":"cond-expr","locations":[{"start":{"line":18,"column":15},"end":{"line":18,"column":39}},{"start":{"line":18,"column":39},"end":{"line":18,"column":null}}],"line":18}},"s":{"0":25,"1":75,"2":25,"3":25,"4":1,"5":25},"f":{"0":25,"1":75},"b":{"0":[1,24],"1":[25,2],"2":[1,24]},"meta":{"lastBranch":3,"lastFunction":2,"lastStatement":6,"seen":{"f:8:16:8:24":0,"s:9:8:9:Infinity":0,"f:9:36:9:37":1,"s:9:43:9:68":1,"s:11:27:11:Infinity":2,"b:12:2:14:Infinity:undefined:undefined:undefined:undefined":0,"s:12:2:14:Infinity":3,"b:12:6:12:18:12:18:12:49":1,"s:13:4:13:Infinity":4,"s:16:2:19:Infinity":5,"b:18:15:18:39:18:39:18:Infinity":2}}}
,"/home/matvei/projets/vortex/src/views/DownloadsView/FilterBar.tsx": {"path":"/home/matvei/projets/vortex/src/views/DownloadsView/FilterBar.tsx","statementMap":{"0":{"start":{"line":5,"column":32},"end":{"line":11,"column":null}},"1":{"start":{"line":20,"column":2},"end":{"line":20,"column":null}},"2":{"start":{"line":20,"column":15},"end":{"line":20,"column":null}},"3":{"start":{"line":21,"column":2},"end":{"line":23,"column":null}},"4":{"start":{"line":22,"column":4},"end":{"line":22,"column":null}},"5":{"start":{"line":22,"column":68},"end":{"line":22,"column":77}},"6":{"start":{"line":24,"column":2},"end":{"line":24,"column":null}},"7":{"start":{"line":24,"column":22},"end":{"line":24,"column":null}},"8":{"start":{"line":25,"column":2},"end":{"line":25,"column":null}},"9":{"start":{"line":25,"column":46},"end":{"line":25,"column":74}},"10":{"start":{"line":29,"column":2},"end":{"line":44,"column":null}},"11":{"start":{"line":32,"column":8},"end":{"line":42,"column":null}},"12":{"start":{"line":36,"column":25},"end":{"line":36,"column":null}}},"fnMap":{"0":{"name":"getFilterCount","decl":{"start":{"line":19,"column":9},"end":{"line":19,"column":24}},"loc":{"start":{"line":19,"column":98},"end":{"line":26,"column":null}},"line":19},"1":{"name":"(anonymous_1)","decl":{"start":{"line":22,"column":56},"end":{"line":22,"column":57}},"loc":{"start":{"line":22,"column":68},"end":{"line":22,"column":77}},"line":22},"2":{"name":"(anonymous_2)","decl":{"start":{"line":25,"column":30},"end":{"line":25,"column":31}},"loc":{"start":{"line":25,"column":46},"end":{"line":25,"column":74}},"line":25},"3":{"name":"FilterBar","decl":{"start":{"line":28,"column":16},"end":{"line":28,"column":26}},"loc":{"start":{"line":28,"column":84},"end":{"line":46,"column":null}},"line":28},"4":{"name":"(anonymous_4)","decl":{"start":{"line":31,"column":19},"end":{"line":31,"column":20}},"loc":{"start":{"line":32,"column":8},"end":{"line":42,"column":null}},"line":32},"5":{"name":"(anonymous_5)","decl":{"start":{"line":36,"column":19},"end":{"line":36,"column":25}},"loc":{"start":{"line":36,"column":25},"end":{"line":36,"column":null}},"line":36}},"branchMap":{"0":{"loc":{"start":{"line":20,"column":2},"end":{"line":20,"column":null}},"type":"if","locations":[{"start":{"line":20,"column":2},"end":{"line":20,"column":null}},{"start":{},"end":{}}],"line":20},"1":{"loc":{"start":{"line":21,"column":2},"end":{"line":23,"column":null}},"type":"if","locations":[{"start":{"line":21,"column":2},"end":{"line":23,"column":null}},{"start":{},"end":{}}],"line":21},"2":{"loc":{"start":{"line":22,"column":11},"end":{"line":22,"column":null}},"type":"binary-expr","locations":[{"start":{"line":22,"column":11},"end":{"line":22,"column":27}},{"start":{"line":22,"column":27},"end":{"line":22,"column":null}}],"line":22},"3":{"loc":{"start":{"line":24,"column":2},"end":{"line":24,"column":null}},"type":"if","locations":[{"start":{"line":24,"column":2},"end":{"line":24,"column":null}},{"start":{},"end":{}}],"line":24},"4":{"loc":{"start":{"line":25,"column":53},"end":{"line":25,"column":74}},"type":"binary-expr","locations":[{"start":{"line":25,"column":53},"end":{"line":25,"column":70}},{"start":{"line":25,"column":70},"end":{"line":25,"column":74}}],"line":25},"5":{"loc":{"start":{"line":34,"column":19},"end":{"line":34,"column":null}},"type":"cond-expr","locations":[{"start":{"line":34,"column":50},"end":{"line":34,"column":62}},{"start":{"line":34,"column":62},"end":{"line":34,"column":null}}],"line":34}},"s":{"0":2,"1":40,"2":20,"3":20,"4":4,"5":24,"6":16,"7":0,"8":16,"9":24,"10":8,"11":40,"12":1},"f":{"0":40,"1":24,"2":24,"3":8,"4":40,"5":1},"b":{"0":[20,20],"1":[4,16],"2":[4,4],"3":[0,16],"4":[24,0],"5":[8,32]},"meta":{"lastBranch":6,"lastFunction":6,"lastStatement":13,"seen":{"s:5:32:11:Infinity":0,"f:19:9:19:24":0,"b:20:2:20:Infinity:undefined:undefined:undefined:undefined":0,"s:20:2:20:Infinity":1,"s:20:15:20:Infinity":2,"b:21:2:23:Infinity:undefined:undefined:undefined:undefined":1,"s:21:2:23:Infinity":3,"s:22:4:22:Infinity":4,"b:22:11:22:27:22:27:22:Infinity":2,"f:22:56:22:57":1,"s:22:68:22:77":5,"b:24:2:24:Infinity:undefined:undefined:undefined:undefined":3,"s:24:2:24:Infinity":6,"s:24:22:24:Infinity":7,"s:25:2:25:Infinity":8,"f:25:30:25:31":2,"s:25:46:25:74":9,"b:25:53:25:70:25:70:25:74":4,"f:28:16:28:26":3,"s:29:2:44:Infinity":10,"f:31:19:31:20":4,"s:32:8:42:Infinity":11,"b:34:50:34:62:34:62:34:Infinity":5,"f:36:19:36:25":5,"s:36:25:36:Infinity":12}}}
,"/home/matvei/projets/vortex/src/views/DownloadsView/ProgressCell.tsx": {"path":"/home/matvei/projets/vortex/src/views/DownloadsView/ProgressCell.tsx","statementMap":{"0":{"start":{"line":10,"column":8},"end":{"line":10,"column":null}},"1":{"start":{"line":10,"column":43},"end":{"line":10,"column":69}},"2":{"start":{"line":12,"column":18},"end":{"line":16,"column":null}},"3":{"start":{"line":18,"column":2},"end":{"line":22,"column":null}}},"fnMap":{"0":{"name":"ProgressCell","decl":{"start":{"line":9,"column":16},"end":{"line":9,"column":29}},"loc":{"start":{"line":9,"column":62},"end":{"line":24,"column":null}},"line":9},"1":{"name":"(anonymous_1)","decl":{"start":{"line":10,"column":36},"end":{"line":10,"column":37}},"loc":{"start":{"line":10,"column":43},"end":{"line":10,"column":69}},"line":10}},"branchMap":{"0":{"loc":{"start":{"line":12,"column":18},"end":{"line":16,"column":null}},"type":"cond-expr","locations":[{"start":{"line":13,"column":6},"end":{"line":15,"column":null}},{"start":{"line":16,"column":6},"end":{"line":16,"column":null}}],"line":12},"1":{"loc":{"start":{"line":13,"column":6},"end":{"line":15,"column":null}},"type":"cond-expr","locations":[{"start":{"line":14,"column":8},"end":{"line":14,"column":null}},{"start":{"line":15,"column":8},"end":{"line":15,"column":null}}],"line":13}},"s":{"0":22,"1":66,"2":22,"3":22},"f":{"0":22,"1":66},"b":{"0":[0,22],"1":[0,0]},"meta":{"lastBranch":2,"lastFunction":2,"lastStatement":4,"seen":{"f:9:16:9:29":0,"s:10:8:10:Infinity":0,"f:10:36:10:37":1,"s:10:43:10:69":1,"s:12:18:16:Infinity":2,"b:13:6:15:Infinity:16:6:16:Infinity":0,"b:14:8:14:Infinity:15:8:15:Infinity":1,"s:18:2:22:Infinity":3}}}
,"/home/matvei/projets/vortex/src/views/DownloadsView/SearchBar.tsx": {"path":"/home/matvei/projets/vortex/src/views/DownloadsView/SearchBar.tsx","statementMap":{"0":{"start":{"line":10,"column":2},"end":{"line":19,"column":null}},"1":{"start":{"line":15,"column":25},"end":{"line":15,"column":null}}},"fnMap":{"0":{"name":"SearchBar","decl":{"start":{"line":9,"column":16},"end":{"line":9,"column":26}},"loc":{"start":{"line":9,"column":63},"end":{"line":21,"column":null}},"line":9},"1":{"name":"(anonymous_1)","decl":{"start":{"line":15,"column":18},"end":{"line":15,"column":19}},"loc":{"start":{"line":15,"column":25},"end":{"line":15,"column":null}},"line":15}},"branchMap":{},"s":{"0":6,"1":1},"f":{"0":6,"1":1},"b":{},"meta":{"lastBranch":0,"lastFunction":2,"lastStatement":2,"seen":{"f:9:16:9:26":0,"s:10:2:19:Infinity":0,"f:15:18:15:19":1,"s:15:25:15:Infinity":1}}}
,"/home/matvei/projets/vortex/src/views/DownloadsView/SpeedCell.tsx": {"path":"/home/matvei/projets/vortex/src/views/DownloadsView/SpeedCell.tsx","statementMap":{"0":{"start":{"line":9,"column":8},"end":{"line":9,"column":null}},"1":{"start":{"line":9,"column":43},"end":{"line":9,"column":68}},"2":{"start":{"line":10,"column":16},"end":{"line":10,"column":null}},"3":{"start":{"line":11,"column":13},"end":{"line":11,"column":null}},"4":{"start":{"line":14,"column":4},"end":{"line":18,"column":null}},"5":{"start":{"line":20,"column":2},"end":{"line":23,"column":null}}},"fnMap":{"0":{"name":"SpeedCell","decl":{"start":{"line":8,"column":16},"end":{"line":8,"column":26}},"loc":{"start":{"line":8,"column":58},"end":{"line":25,"column":null}},"line":8},"1":{"name":"(anonymous_1)","decl":{"start":{"line":9,"column":36},"end":{"line":9,"column":37}},"loc":{"start":{"line":9,"column":43},"end":{"line":9,"column":68}},"line":9}},"branchMap":{"0":{"loc":{"start":{"line":10,"column":16},"end":{"line":10,"column":null}},"type":"binary-expr","locations":[{"start":{"line":10,"column":16},"end":{"line":10,"column":46}},{"start":{"line":10,"column":46},"end":{"line":10,"column":null}}],"line":10},"1":{"loc":{"start":{"line":14,"column":4},"end":{"line":18,"column":null}},"type":"cond-expr","locations":[{"start":{"line":15,"column":8},"end":{"line":15,"column":null}},{"start":{"line":16,"column":8},"end":{"line":18,"column":null}}],"line":14},"2":{"loc":{"start":{"line":16,"column":8},"end":{"line":18,"column":null}},"type":"cond-expr","locations":[{"start":{"line":17,"column":10},"end":{"line":17,"column":null}},{"start":{"line":18,"column":10},"end":{"line":18,"column":null}}],"line":16}},"s":{"0":25,"1":75,"2":25,"3":25,"4":25,"5":25},"f":{"0":25,"1":75},"b":{"0":[25,23],"1":[1,24],"2":[1,23]},"meta":{"lastBranch":3,"lastFunction":2,"lastStatement":6,"seen":{"f:8:16:8:26":0,"s:9:8:9:Infinity":0,"f:9:36:9:37":1,"s:9:43:9:68":1,"s:10:16:10:Infinity":2,"b:10:16:10:46:10:46:10:Infinity":0,"s:11:13:11:Infinity":3,"s:14:4:18:Infinity":4,"b:15:8:15:Infinity:16:8:18:Infinity":1,"b:17:10:17:Infinity:18:10:18:Infinity":2,"s:20:2:23:Infinity":5}}}
,"/home/matvei/projets/vortex/src/views/DownloadsView/StateIndicator.tsx": {"path":"/home/matvei/projets/vortex/src/views/DownloadsView/StateIndicator.tsx","statementMap":{"0":{"start":{"line":3,"column":51},"end":{"line":13,"column":null}},"1":{"start":{"line":20,"column":2},"end":{"line":24,"column":null}}},"fnMap":{"0":{"name":"StateIndicator","decl":{"start":{"line":19,"column":16},"end":{"line":19,"column":31}},"loc":{"start":{"line":19,"column":63},"end":{"line":26,"column":null}},"line":19}},"branchMap":{},"s":{"0":3,"1":34},"f":{"0":34},"b":{},"meta":{"lastBranch":0,"lastFunction":1,"lastStatement":2,"seen":{"s:3:51:13:Infinity":0,"f:19:16:19:31":0,"s:20:2:24:Infinity":1}}}
}
